{"logTime": "0522/100536", "correlationVector":"7lH5ZGjmokECoo2u1kDENK.2","action":"ProcessGetUpdates", "result":"Done", "context":{"dataType":"Sessions", "deleted":"0", "process_failed_to_decrypt":"0", "process_pending_decryption":"0", "process_success":"1", "total":"1"}}
{"logTime": "0522/100536", "correlationVector":"7lH5ZGjmokECoo2u1kDENK.3","action":"ProcessGetUpdates", "result":"Done", "context":{"dataType":"History", "deleted":"0", "process_failed_to_decrypt":"0", "process_pending_decryption":"0", "process_success":"4", "total":"4"}}
{"logTime": "0522/100536", "correlationVector":"7lH5ZGjmokECoo2u1kDENK.4","action":"GetUpdates Response", "result":"Success", "context":Received 5 update(s). cV=7lH5ZGjmokECoo2u1kDENK.0;server=akswtt00700003u;cloudType=Consumer;environment=Prod_francecentral_prod-s01-062-eur-francecentral;migrationStage=NotStarted}
{"logTime": "0522/101216", "correlationVector":"OEQYIM1sJxsQutYo6L2rhv","action":"Commit Request", "result":"", "context":Item count: 2
Contributing types: Sessions, History}
{"logTime": "0522/101217", "correlationVector":"OEQYIM1sJxsQutYo6L2rhv.1","action":"SyncServerConnectionManagerRequest", "result":"SYNC_SERVER_OK", "context":{"environment":"Prod_francecentral_prod-s01-062-eur-francecentral", "migrationStage":"NotStarted", "server":"akswtt00700004n"}}
{"logTime": "0522/101217", "correlationVector":"OEQYIM1sJxsQutYo6L2rhv.2","action":"Commit Response", "result":"Success", "context":Result: Success. cV=OEQYIM1sJxsQutYo6L2rhv.0;server=akswtt00700004n;cloudType=Consumer;environment=Prod_francecentral_prod-s01-062-eur-francecentral;migrationStage=NotStarted}
{"logTime": "0522/101219", "correlationVector":"1ZfRHuJEqM2/tJAJMGbRu2","action":"Normal GetUpdate request", "result":"", "context":cV=1ZfRHuJEqM2/tJAJMGbRu2
Notified types: History}
{"logTime": "0522/101219", "correlationVector":"1ZfRHuJEqM2/tJAJMGbRu2.1","action":"SyncServerConnectionManagerRequest", "result":"SYNC_SERVER_OK", "context":{"environment":"Prod_francecentral_prod-s01-062-eur-francecentral", "migrationStage":"NotStarted", "server":"akswtt00700001u"}}
{"logTime": "0522/101219", "correlationVector":"1ZfRHuJEqM2/tJAJMGbRu2.2","action":"ProcessGetUpdates", "result":"Done", "context":{"dataType":"Sessions", "deleted":"0", "process_failed_to_decrypt":"0", "process_pending_decryption":"0", "process_success":"2", "total":"2"}}
{"logTime": "0522/101219", "correlationVector":"1ZfRHuJEqM2/tJAJMGbRu2.3","action":"ProcessGetUpdates", "result":"Done", "context":{"dataType":"History", "deleted":"0", "process_failed_to_decrypt":"0", "process_pending_decryption":"0", "process_success":"5", "total":"5"}}
{"logTime": "0522/101219", "correlationVector":"1ZfRHuJEqM2/tJAJMGbRu2.4","action":"GetUpdates Response", "result":"Success", "context":Received 7 update(s). cV=1ZfRHuJEqM2/tJAJMGbRu2.0;server=akswtt00700001u;cloudType=Consumer;environment=Prod_francecentral_prod-s01-062-eur-francecentral;migrationStage=NotStarted}
{"logTime": "0522/101220", "correlationVector":"IPLkIJFp+BKoXkl0W3hjkf","action":"Commit Request", "result":"", "context":Item count: 2
Contributing types: Sessions, History}
{"logTime": "0522/101220", "correlationVector":"IPLkIJFp+BKoXkl0W3hjkf.1","action":"SyncServerConnectionManagerRequest", "result":"SYNC_SERVER_OK", "context":{"environment":"Prod_francecentral_prod-s01-062-eur-francecentral", "migrationStage":"NotStarted", "server":"akswtt00700004k"}}
{"logTime": "0522/101220", "correlationVector":"IPLkIJFp+BKoXkl0W3hjkf.2","action":"Commit Response", "result":"Success", "context":Result: Success. cV=IPLkIJFp+BKoXkl0W3hjkf.0;server=akswtt00700004k;cloudType=Consumer;environment=Prod_francecentral_prod-s01-062-eur-francecentral;migrationStage=NotStarted}
{"logTime": "0522/101320", "correlationVector":"1HFLTWck0wHQAAPO4B7hw/","action":"Commit Request", "result":"", "context":Item count: 3
Contributing types: Sessions, History}
{"logTime": "0522/101321", "correlationVector":"1HFLTWck0wHQAAPO4B7hw/.1","action":"SyncServerConnectionManagerRequest", "result":"SYNC_SERVER_OK", "context":{"environment":"Prod_francecentral_prod-s01-062-eur-francecentral", "migrationStage":"NotStarted", "server":"akswtt00700004j"}}
{"logTime": "0522/101321", "correlationVector":"1HFLTWck0wHQAAPO4B7hw/.2","action":"Commit Response", "result":"Success", "context":Result: Success. cV=1HFLTWck0wHQAAPO4B7hw/.0;server=akswtt00700004j;cloudType=Consumer;environment=Prod_francecentral_prod-s01-062-eur-francecentral;migrationStage=NotStarted}
{"logTime": "0522/105440", "correlationVector":"0epO67J36yb0kRaix0Ll1I.1","action":"SyncServerConnectionManagerRequest", "result":"SYNC_SERVER_OK", "context":{"environment":"Prod_francecentral_prod-s01-062-eur-francecentral", "migrationStage":"NotStarted", "server":"akswtt007000063"}}
{"logTime": "0522/105440", "correlationVector":"0epO67J36yb0kRaix0Ll1I.2","action":"ProcessGetUpdates", "result":"Done", "context":{"dataType":"Encryption Keys", "deleted":"0", "process_failed_to_decrypt":"0", "process_pending_decryption":"0", "process_success":"1", "total":"1"}}
{"logTime": "0522/105442", "correlationVector":"hocYM7Cc9eFH9yd6UpKpwu","action":"SyncServerConnectionManagerRequest", "result":"SYNC_SERVER_OK", "context":{"environment":"", "migrationStage":"", "server":""}}
{"logTime": "0522/105442", "correlationVector":"hocYM7Cc9eFH9yd6UpKpwu.0","action":"EncryptionKeysFetcher.DownloadKeys:", "result":"Success", "context":Key count: 3, Last key timestamp: 2025-02-19T09:16:33Z}
{"logTime": "0522/105442", "correlationVector":"hocYM7Cc9eFH9yd6UpKpwu.1","action":"EncryptionKeysManager::SetEncryptionKeys:", "result":"Success", "context":Key names[3]:[qf68eDsemTwUjkcYNCOyYB6Qyk0oaG8PJXIAeANJ45aAnX5mXoQRqrducSOmH4TlwKoBym2wU2qpSnHn57yCRg==][Iec1XDdIymdMoKIj8FCpyPxVzpjAgWv9ToXpRGpWVFvFFL5jonsl8vGPMCQjfThfxnz9iqZujYP5Z1kArp0UQg==][fv4wXirBwxtrhQaK/vdNOwl4+3q3S/X6i7ul2fwyQ7lLzIExXlgmLXjJCXeIERWb06KIhxYrs8sjP5vq0huDaQ==]}
{"logTime": "0522/105442", "correlationVector":"hocYM7Cc9eFH9yd6UpKpwu.2","action":"EncryptionKeysManager::SetEncryptionKeysWithTimestamps:", "result":"Success", "context":Key timestamps[3]:[2023-10-05T22:06:51Z][2024-05-21T07:19:32Z][2025-02-19T09:16:33Z]}
{"logTime": "0522/105442", "correlationVector":"0epO67J36yb0kRaix0Ll1I","action":"Initial GetUpdates", "result":"", "context":Reason: NEW_CLIENT. cV=0epO67J36yb0kRaix0Ll1I}
{"logTime": "0522/105442", "correlationVector":"0epO67J36yb0kRaix0Ll1I.3","action":"GetUpdates Response", "result":"Success", "context":Received 1 update(s). cV=0epO67J36yb0kRaix0Ll1I.0;server=akswtt007000063;cloudType=Consumer;environment=Prod_francecentral_prod-s01-062-eur-francecentral;migrationStage=NotStarted}
{"logTime": "0522/105442", "correlationVector":"BVt0du+PCgbAk8Cq3ZUFem","action":"Initial GetUpdates", "result":"", "context":Reason: NEWLY_SUPPORTED_DATATYPE. cV=BVt0du+PCgbAk8Cq3ZUFem}
{"logTime": "0522/105442", "correlationVector":"BVt0du+PCgbAk8Cq3ZUFem.1","action":"SyncServerConnectionManagerRequest", "result":"SYNC_SERVER_OK", "context":{"environment":"Prod_francecentral_prod-s01-062-eur-francecentral", "migrationStage":"NotStarted", "server":"akswtt007000040"}}
{"logTime": "0522/105442", "correlationVector":"BVt0du+PCgbAk8Cq3ZUFem.2","action":"ProcessGetUpdates", "result":"Done", "context":{"dataType":"Passwords", "deleted":"33", "process_failed_to_decrypt":"0", "process_pending_decryption":"0", "process_success":"142", "total":"142"}}
{"logTime": "0522/105442", "correlationVector":"BVt0du+PCgbAk8Cq3ZUFem.3","action":"GetUpdates Response", "result":"Success", "context":Received 142 update(s). cV=BVt0du+PCgbAk8Cq3ZUFem.0;server=akswtt007000040;cloudType=Consumer;environment=Prod_francecentral_prod-s01-062-eur-francecentral;migrationStage=NotStarted}
{"logTime": "0522/105443", "correlationVector":"pWiSvN7eHvReXvXSwTRCsF","action":"Normal GetUpdate request", "result":"", "context":cV=pWiSvN7eHvReXvXSwTRCsF
Nudged types: Sessions, Device Info, History
Refresh requested types: Bookmarks, Preferences, Passwords, Autofill Profiles, Autofill, Extensions, Sessions, Extension settings, History Delete Directives, Device Info, User Consents, Send Tab To Self, Web Apps, History, Saved Tab Group, Collection, Edge E Drop, Edge Hub App Usage, Edge Tab Group, Edge Wallet, Encryption Keys}
{"logTime": "0522/105443", "correlationVector":"pWiSvN7eHvReXvXSwTRCsF.1","action":"SyncServerConnectionManagerRequest", "result":"SYNC_SERVER_OK", "context":{"environment":"Prod_francecentral_prod-s01-062-eur-francecentral", "migrationStage":"NotStarted", "server":"akswtt00700001z"}}
{"logTime": "0522/105443", "correlationVector":"pWiSvN7eHvReXvXSwTRCsF.2","action":"ProcessGetUpdates", "result":"Done", "context":{"dataType":"Preferences", "deleted":"0", "process_failed_to_decrypt":"0", "process_pending_decryption":"0", "process_success":"4", "total":"4"}}
{"logTime": "0522/105443", "correlationVector":"pWiSvN7eHvReXvXSwTRCsF.3","action":"ProcessGetUpdates", "result":"Done", "context":{"dataType":"Sessions", "deleted":"10", "process_failed_to_decrypt":"0", "process_pending_decryption":"0", "process_success":"18", "total":"18"}}
{"logTime": "0522/105443", "correlationVector":"pWiSvN7eHvReXvXSwTRCsF.4","action":"ProcessGetUpdates", "result":"Done", "context":{"dataType":"Device Info", "deleted":"0", "process_failed_to_decrypt":"0", "process_pending_decryption":"0", "process_success":"2", "total":"2"}}
{"logTime": "0522/105443", "correlationVector":"pWiSvN7eHvReXvXSwTRCsF.5","action":"ProcessGetUpdates", "result":"Done", "context":{"dataType":"History", "deleted":"0", "process_failed_to_decrypt":"0", "process_pending_decryption":"0", "process_success":"17", "total":"17"}}
{"logTime": "0522/105443", "correlationVector":"pWiSvN7eHvReXvXSwTRCsF.6","action":"GetUpdates Response", "result":"Success", "context":Received 41 update(s). cV=pWiSvN7eHvReXvXSwTRCsF.0;server=akswtt00700001z;cloudType=Consumer;environment=Prod_francecentral_prod-s01-062-eur-francecentral;migrationStage=NotStarted}
{"logTime": "0522/105457", "correlationVector":"ZSlCTZOHVOtmRbd0cRyeFV","action":"Commit Request", "result":"", "context":Item count: 39
Contributing types: Preferences, Passwords}
{"logTime": "0522/105458", "correlationVector":"ZSlCTZOHVOtmRbd0cRyeFV.1","action":"SyncServerConnectionManagerRequest", "result":"SYNC_SERVER_OK", "context":{"environment":"Prod_francecentral_prod-s01-062-eur-francecentral", "migrationStage":"NotStarted", "server":"akswtt007000000"}}
{"logTime": "0522/105458", "correlationVector":"ZSlCTZOHVOtmRbd0cRyeFV.2","action":"Commit Response", "result":"Success", "context":Result: Success. cV=ZSlCTZOHVOtmRbd0cRyeFV.0;server=akswtt007000000;cloudType=Consumer;environment=Prod_francecentral_prod-s01-062-eur-francecentral;migrationStage=NotStarted}
{"logTime": "0522/105500", "correlationVector":"SXV6v8w0YuDACT82+HMSu8","action":"Normal GetUpdate request", "result":"", "context":cV=SXV6v8w0YuDACT82+HMSu8
Nudged types: Sessions, History
Notified types: History}
{"logTime": "0522/105501", "correlationVector":"SXV6v8w0YuDACT82+HMSu8.1","action":"SyncServerConnectionManagerRequest", "result":"SYNC_SERVER_OK", "context":{"environment":"Prod_francecentral_prod-s01-062-eur-francecentral", "migrationStage":"NotStarted", "server":"akswtt00700005x"}}
{"logTime": "0522/105501", "correlationVector":"SXV6v8w0YuDACT82+HMSu8.2","action":"ProcessGetUpdates", "result":"Done", "context":{"dataType":"Preferences", "deleted":"0", "process_failed_to_decrypt":"0", "process_pending_decryption":"0", "process_success":"1", "total":"1"}}
{"logTime": "0522/105501", "correlationVector":"SXV6v8w0YuDACT82+HMSu8.3","action":"ProcessGetUpdates", "result":"Done", "context":{"dataType":"Passwords", "deleted":"0", "process_failed_to_decrypt":"0", "process_pending_decryption":"0", "process_success":"38", "total":"38"}}
{"logTime": "0522/105501", "correlationVector":"SXV6v8w0YuDACT82+HMSu8.4","action":"ProcessGetUpdates", "result":"Done", "context":{"dataType":"Sessions", "deleted":"0", "process_failed_to_decrypt":"0", "process_pending_decryption":"0", "process_success":"3", "total":"3"}}
{"logTime": "0522/105501", "correlationVector":"SXV6v8w0YuDACT82+HMSu8.5","action":"ProcessGetUpdates", "result":"Done", "context":{"dataType":"History", "deleted":"0", "process_failed_to_decrypt":"0", "process_pending_decryption":"0", "process_success":"2", "total":"2"}}
{"logTime": "0522/105501", "correlationVector":"SXV6v8w0YuDACT82+HMSu8.6","action":"GetUpdates Response", "result":"Success", "context":Received 44 update(s). cV=SXV6v8w0YuDACT82+HMSu8.0;server=akswtt00700005x;cloudType=Consumer;environment=Prod_francecentral_prod-s01-062-eur-francecentral;migrationStage=NotStarted}
{"logTime": "0522/105501", "correlationVector":"fKEawxDU+ZgtvmxNyOVHqD","action":"Commit Request", "result":"", "context":Item count: 3
Contributing types: Sessions, History}
{"logTime": "0522/105501", "correlationVector":"fKEawxDU+ZgtvmxNyOVHqD.1","action":"SyncServerConnectionManagerRequest", "result":"SYNC_SERVER_OK", "context":{"environment":"Prod_francecentral_prod-s01-062-eur-francecentral", "migrationStage":"NotStarted", "server":"akswtt00700003q"}}
{"logTime": "0522/105501", "correlationVector":"fKEawxDU+ZgtvmxNyOVHqD.2","action":"Commit Response", "result":"Success", "context":Result: Success. cV=fKEawxDU+ZgtvmxNyOVHqD.0;server=akswtt00700003q;cloudType=Consumer;environment=Prod_francecentral_prod-s01-062-eur-francecentral;migrationStage=NotStarted}
{"logTime": "0522/105543", "correlationVector":"UNbcO/T0WJIvslmCwdbQVr","action":"Commit Request", "result":"", "context":Item count: 1
Contributing types: Device Info}
{"logTime": "0522/105544", "correlationVector":"UNbcO/T0WJIvslmCwdbQVr.1","action":"SyncServerConnectionManagerRequest", "result":"SYNC_SERVER_OK", "context":{"environment":"Prod_francecentral_prod-s01-062-eur-francecentral", "migrationStage":"NotStarted", "server":"akswtt00700005c"}}
{"logTime": "0522/105544", "correlationVector":"UNbcO/T0WJIvslmCwdbQVr.2","action":"Commit Response", "result":"Success", "context":Result: Success. cV=UNbcO/T0WJIvslmCwdbQVr.0;server=akswtt00700005c;cloudType=Consumer;environment=Prod_francecentral_prod-s01-062-eur-francecentral;migrationStage=NotStarted}
{"logTime": "0522/105544", "correlationVector":"xRKYWACYcALhYX3kVEAM+l","action":"Commit Request", "result":"", "context":Item count: 2
Contributing types: Preferences, Device Info}
{"logTime": "0522/105545", "correlationVector":"xRKYWACYcALhYX3kVEAM+l.1","action":"SyncServerConnectionManagerRequest", "result":"SYNC_SERVER_OK", "context":{"environment":"Prod_francecentral_prod-s01-062-eur-francecentral", "migrationStage":"NotStarted", "server":"akswtt00700003o"}}
{"logTime": "0522/105545", "correlationVector":"xRKYWACYcALhYX3kVEAM+l.2","action":"Commit Response", "result":"Success", "context":Result: Success. cV=xRKYWACYcALhYX3kVEAM+l.0;server=akswtt00700003o;cloudType=Consumer;environment=Prod_francecentral_prod-s01-062-eur-francecentral;migrationStage=NotStarted}
{"logTime": "0522/105546", "correlationVector":"fzuJ/mchnAyJqJndLaC623","action":"Normal GetUpdate request", "result":"", "context":cV=fzuJ/mchnAyJqJndLaC623
Notified types: History}
{"logTime": "0522/105546", "correlationVector":"fzuJ/mchnAyJqJndLaC623.1","action":"SyncServerConnectionManagerRequest", "result":"SYNC_SERVER_OK", "context":{"environment":"Prod_francecentral_prod-s01-062-eur-francecentral", "migrationStage":"NotStarted", "server":"akswtt00700001d"}}
{"logTime": "0522/105546", "correlationVector":"fzuJ/mchnAyJqJndLaC623.2","action":"ProcessGetUpdates", "result":"Done", "context":{"dataType":"Preferences", "deleted":"0", "process_failed_to_decrypt":"0", "process_pending_decryption":"0", "process_success":"1", "total":"1"}}
{"logTime": "0522/105546", "correlationVector":"fzuJ/mchnAyJqJndLaC623.3","action":"ProcessGetUpdates", "result":"Done", "context":{"dataType":"Sessions", "deleted":"0", "process_failed_to_decrypt":"0", "process_pending_decryption":"0", "process_success":"3", "total":"3"}}
{"logTime": "0522/105546", "correlationVector":"fzuJ/mchnAyJqJndLaC623.4","action":"ProcessGetUpdates", "result":"Done", "context":{"dataType":"Device Info", "deleted":"0", "process_failed_to_decrypt":"0", "process_pending_decryption":"0", "process_success":"1", "total":"1"}}
{"logTime": "0522/105546", "correlationVector":"fzuJ/mchnAyJqJndLaC623.5","action":"ProcessGetUpdates", "result":"Done", "context":{"dataType":"History", "deleted":"0", "process_failed_to_decrypt":"0", "process_pending_decryption":"0", "process_success":"5", "total":"5"}}
{"logTime": "0522/105546", "correlationVector":"fzuJ/mchnAyJqJndLaC623.6","action":"GetUpdates Response", "result":"Success", "context":Received 10 update(s). cV=fzuJ/mchnAyJqJndLaC623.0;server=akswtt00700001d;cloudType=Consumer;environment=Prod_francecentral_prod-s01-062-eur-francecentral;migrationStage=NotStarted}
{"logTime": "0522/105716", "correlationVector":"vOxrDqbol6ExVAxSGFi6/0","action":"Commit Request", "result":"", "context":Item count: 1
Contributing types: Sessions}
{"logTime": "0522/105716", "correlationVector":"vOxrDqbol6ExVAxSGFi6/0.1","action":"SyncServerConnectionManagerRequest", "result":"SYNC_SERVER_OK", "context":{"environment":"Prod_francecentral_prod-s01-062-eur-francecentral", "migrationStage":"NotStarted", "server":"akswtt00700002c"}}
{"logTime": "0522/105716", "correlationVector":"vOxrDqbol6ExVAxSGFi6/0.2","action":"Commit Response", "result":"Success", "context":Result: Success. cV=vOxrDqbol6ExVAxSGFi6/0.0;server=akswtt00700002c;cloudType=Consumer;environment=Prod_francecentral_prod-s01-062-eur-francecentral;migrationStage=NotStarted}
{"logTime": "0522/105819", "correlationVector":"SGJpBX0CXqGw/IjpuWcUSH","action":"Normal GetUpdate request", "result":"", "context":cV=SGJpBX0CXqGw/IjpuWcUSH
Notified types: Device Info, History}
{"logTime": "0522/105820", "correlationVector":"SGJpBX0CXqGw/IjpuWcUSH.1","action":"SyncServerConnectionManagerRequest", "result":"SYNC_SERVER_OK", "context":{"environment":"Prod_francecentral_prod-s01-062-eur-francecentral", "migrationStage":"NotStarted", "server":"akswtt007000003"}}
{"logTime": "0522/105820", "correlationVector":"SGJpBX0CXqGw/IjpuWcUSH.2","action":"ProcessGetUpdates", "result":"Done", "context":{"dataType":"Sessions", "deleted":"0", "process_failed_to_decrypt":"0", "process_pending_decryption":"0", "process_success":"2", "total":"2"}}
{"logTime": "0522/105820", "correlationVector":"SGJpBX0CXqGw/IjpuWcUSH.3","action":"ProcessGetUpdates", "result":"Done", "context":{"dataType":"Device Info", "deleted":"0", "process_failed_to_decrypt":"0", "process_pending_decryption":"0", "process_success":"1", "total":"1"}}
{"logTime": "0522/105820", "correlationVector":"SGJpBX0CXqGw/IjpuWcUSH.4","action":"ProcessGetUpdates", "result":"Done", "context":{"dataType":"History", "deleted":"0", "process_failed_to_decrypt":"0", "process_pending_decryption":"0", "process_success":"4", "total":"4"}}
{"logTime": "0522/105820", "correlationVector":"SGJpBX0CXqGw/IjpuWcUSH.5","action":"GetUpdates Response", "result":"Success", "context":Received 7 update(s). cV=SGJpBX0CXqGw/IjpuWcUSH.0;server=akswtt007000003;cloudType=Consumer;environment=Prod_francecentral_prod-s01-062-eur-francecentral;migrationStage=NotStarted}
{"logTime": "0522/105822", "correlationVector":"GledC/CWO5zpI78eGcmOYp","action":"Normal GetUpdate request", "result":"", "context":cV=GledC/CWO5zpI78eGcmOYp
Notified types: Preferences, History}
{"logTime": "0522/105822", "correlationVector":"GledC/CWO5zpI78eGcmOYp.1","action":"SyncServerConnectionManagerRequest", "result":"SYNC_SERVER_OK", "context":{"environment":"Prod_francecentral_prod-s01-062-eur-francecentral", "migrationStage":"NotStarted", "server":"akswtt007000027"}}
{"logTime": "0522/105822", "correlationVector":"GledC/CWO5zpI78eGcmOYp.2","action":"ProcessGetUpdates", "result":"Done", "context":{"dataType":"Preferences", "deleted":"0", "process_failed_to_decrypt":"0", "process_pending_decryption":"0", "process_success":"1", "total":"1"}}
{"logTime": "0522/105822", "correlationVector":"GledC/CWO5zpI78eGcmOYp.3","action":"ProcessGetUpdates", "result":"Done", "context":{"dataType":"Sessions", "deleted":"0", "process_failed_to_decrypt":"0", "process_pending_decryption":"0", "process_success":"1", "total":"1"}}
{"logTime": "0522/105822", "correlationVector":"GledC/CWO5zpI78eGcmOYp.4","action":"ProcessGetUpdates", "result":"Done", "context":{"dataType":"History", "deleted":"0", "process_failed_to_decrypt":"0", "process_pending_decryption":"0", "process_success":"1", "total":"1"}}
{"logTime": "0522/105822", "correlationVector":"GledC/CWO5zpI78eGcmOYp.5","action":"GetUpdates Response", "result":"Success", "context":Received 3 update(s). cV=GledC/CWO5zpI78eGcmOYp.0;server=akswtt007000027;cloudType=Consumer;environment=Prod_francecentral_prod-s01-062-eur-francecentral;migrationStage=NotStarted}
{"logTime": "0522/105838", "correlationVector":"0B/14CisbaEcm9Jk16A2Ld","action":"Normal GetUpdate request", "result":"", "context":cV=0B/14CisbaEcm9Jk16A2Ld
Notified types: Device Info, History}
{"logTime": "0522/105838", "correlationVector":"0B/14CisbaEcm9Jk16A2Ld.1","action":"SyncServerConnectionManagerRequest", "result":"SYNC_SERVER_OK", "context":{"environment":"Prod_francecentral_prod-s01-062-eur-francecentral", "migrationStage":"NotStarted", "server":"akswtt00700001i"}}
{"logTime": "0522/105838", "correlationVector":"0B/14CisbaEcm9Jk16A2Ld.2","action":"ProcessGetUpdates", "result":"Done", "context":{"dataType":"Sessions", "deleted":"0", "process_failed_to_decrypt":"0", "process_pending_decryption":"0", "process_success":"2", "total":"2"}}
{"logTime": "0522/105838", "correlationVector":"0B/14CisbaEcm9Jk16A2Ld.3","action":"ProcessGetUpdates", "result":"Done", "context":{"dataType":"Device Info", "deleted":"0", "process_failed_to_decrypt":"0", "process_pending_decryption":"0", "process_success":"1", "total":"1"}}
{"logTime": "0522/105838", "correlationVector":"0B/14CisbaEcm9Jk16A2Ld.4","action":"ProcessGetUpdates", "result":"Done", "context":{"dataType":"History", "deleted":"0", "process_failed_to_decrypt":"0", "process_pending_decryption":"0", "process_success":"2", "total":"2"}}
{"logTime": "0522/105838", "correlationVector":"0B/14CisbaEcm9Jk16A2Ld.5","action":"GetUpdates Response", "result":"Success", "context":Received 5 update(s). cV=0B/14CisbaEcm9Jk16A2Ld.0;server=akswtt00700001i;cloudType=Consumer;environment=Prod_francecentral_prod-s01-062-eur-francecentral;migrationStage=NotStarted}
{"logTime": "0522/105841", "correlationVector":"KTRG3998Gb2mOb9g+SvwJS","action":"Normal GetUpdate request", "result":"", "context":cV=KTRG3998Gb2mOb9g+SvwJS
Notified types: Preferences}
{"logTime": "0522/105841", "correlationVector":"KTRG3998Gb2mOb9g+SvwJS.1","action":"SyncServerConnectionManagerRequest", "result":"SYNC_SERVER_OK", "context":{"environment":"Prod_francecentral_prod-s01-062-eur-francecentral", "migrationStage":"NotStarted", "server":"akswtt00700005j"}}
{"logTime": "0522/105841", "correlationVector":"KTRG3998Gb2mOb9g+SvwJS.2","action":"ProcessGetUpdates", "result":"Done", "context":{"dataType":"Preferences", "deleted":"0", "process_failed_to_decrypt":"0", "process_pending_decryption":"0", "process_success":"1", "total":"1"}}
{"logTime": "0522/105841", "correlationVector":"KTRG3998Gb2mOb9g+SvwJS.3","action":"GetUpdates Response", "result":"Success", "context":Received 1 update(s). cV=KTRG3998Gb2mOb9g+SvwJS.0;server=akswtt00700005j;cloudType=Consumer;environment=Prod_francecentral_prod-s01-062-eur-francecentral;migrationStage=NotStarted}
{"logTime": "0522/105928", "correlationVector":"ytMkFoykOfNggbZlsKrD11","action":"Normal GetUpdate request", "result":"", "context":cV=ytMkFoykOfNggbZlsKrD11
Notified types: Device Info}
{"logTime": "0522/105928", "correlationVector":"ytMkFoykOfNggbZlsKrD11.1","action":"SyncServerConnectionManagerRequest", "result":"SYNC_SERVER_OK", "context":{"environment":"Prod_francecentral_prod-s01-062-eur-francecentral", "migrationStage":"NotStarted", "server":"akswtt00700001g"}}
{"logTime": "0522/105928", "correlationVector":"ytMkFoykOfNggbZlsKrD11.2","action":"ProcessGetUpdates", "result":"Done", "context":{"dataType":"Device Info", "deleted":"0", "process_failed_to_decrypt":"0", "process_pending_decryption":"0", "process_success":"1", "total":"1"}}
{"logTime": "0522/105928", "correlationVector":"ytMkFoykOfNggbZlsKrD11.3","action":"GetUpdates Response", "result":"Success", "context":Received 1 update(s). cV=ytMkFoykOfNggbZlsKrD11.0;server=akswtt00700001g;cloudType=Consumer;environment=Prod_francecentral_prod-s01-062-eur-francecentral;migrationStage=NotStarted}
{"logTime": "0522/105931", "correlationVector":"7an1xXOtlx8Evbk9ezmGUk","action":"Normal GetUpdate request", "result":"", "context":cV=7an1xXOtlx8Evbk9ezmGUk
Notified types: Preferences}
{"logTime": "0522/105931", "correlationVector":"7an1xXOtlx8Evbk9ezmGUk.1","action":"SyncServerConnectionManagerRequest", "result":"SYNC_SERVER_OK", "context":{"environment":"Prod_francecentral_prod-s01-062-eur-francecentral", "migrationStage":"NotStarted", "server":"akswtt00700000w"}}
{"logTime": "0522/105931", "correlationVector":"7an1xXOtlx8Evbk9ezmGUk.2","action":"ProcessGetUpdates", "result":"Done", "context":{"dataType":"Preferences", "deleted":"0", "process_failed_to_decrypt":"0", "process_pending_decryption":"0", "process_success":"1", "total":"1"}}
{"logTime": "0522/105931", "correlationVector":"7an1xXOtlx8Evbk9ezmGUk.3","action":"GetUpdates Response", "result":"Success", "context":Received 1 update(s). cV=7an1xXOtlx8Evbk9ezmGUk.0;server=akswtt00700000w;cloudType=Consumer;environment=Prod_francecentral_prod-s01-062-eur-francecentral;migrationStage=NotStarted}
{"logTime": "0522/110008", "correlationVector":"GXTVdJXlj5VlAeHv6uPVwu","action":"Normal GetUpdate request", "result":"", "context":cV=GXTVdJXlj5VlAeHv6uPVwu
Notified types: Preferences, Device Info, History}
{"logTime": "0522/110008", "correlationVector":"GXTVdJXlj5VlAeHv6uPVwu.1","action":"SyncServerConnectionManagerRequest", "result":"SYNC_SERVER_OK", "context":{"environment":"Prod_francecentral_prod-s01-062-eur-francecentral", "migrationStage":"NotStarted", "server":"akswtt00700001i"}}
{"logTime": "0522/110008", "correlationVector":"GXTVdJXlj5VlAeHv6uPVwu.2","action":"ProcessGetUpdates", "result":"Done", "context":{"dataType":"Preferences", "deleted":"0", "process_failed_to_decrypt":"0", "process_pending_decryption":"0", "process_success":"1", "total":"1"}}
{"logTime": "0522/110008", "correlationVector":"GXTVdJXlj5VlAeHv6uPVwu.3","action":"ProcessGetUpdates", "result":"Done", "context":{"dataType":"Sessions", "deleted":"0", "process_failed_to_decrypt":"0", "process_pending_decryption":"0", "process_success":"2", "total":"2"}}
{"logTime": "0522/110008", "correlationVector":"GXTVdJXlj5VlAeHv6uPVwu.4","action":"ProcessGetUpdates", "result":"Done", "context":{"dataType":"Device Info", "deleted":"0", "process_failed_to_decrypt":"0", "process_pending_decryption":"0", "process_success":"1", "total":"1"}}
{"logTime": "0522/110008", "correlationVector":"GXTVdJXlj5VlAeHv6uPVwu.5","action":"ProcessGetUpdates", "result":"Done", "context":{"dataType":"History", "deleted":"0", "process_failed_to_decrypt":"0", "process_pending_decryption":"0", "process_success":"3", "total":"3"}}
{"logTime": "0522/110008", "correlationVector":"GXTVdJXlj5VlAeHv6uPVwu.6","action":"GetUpdates Response", "result":"Success", "context":Received 7 update(s). cV=GXTVdJXlj5VlAeHv6uPVwu.0;server=akswtt00700001i;cloudType=Consumer;environment=Prod_francecentral_prod-s01-062-eur-francecentral;migrationStage=NotStarted}
{"logTime": "0522/110010", "correlationVector":"p4fFkhRep/Gt6m/pg2DqyI","action":"Normal GetUpdate request", "result":"", "context":cV=p4fFkhRep/Gt6m/pg2DqyI
Notified types: Preferences}
{"logTime": "0522/110011", "correlationVector":"p4fFkhRep/Gt6m/pg2DqyI.1","action":"SyncServerConnectionManagerRequest", "result":"SYNC_SERVER_OK", "context":{"environment":"Prod_francecentral_prod-s01-062-eur-francecentral", "migrationStage":"NotStarted", "server":"akswtt00700003l"}}
{"logTime": "0522/110011", "correlationVector":"p4fFkhRep/Gt6m/pg2DqyI.2","action":"ProcessGetUpdates", "result":"Done", "context":{"dataType":"Preferences", "deleted":"0", "process_failed_to_decrypt":"0", "process_pending_decryption":"0", "process_success":"1", "total":"1"}}
{"logTime": "0522/110011", "correlationVector":"p4fFkhRep/Gt6m/pg2DqyI.3","action":"GetUpdates Response", "result":"Success", "context":Received 1 update(s). cV=p4fFkhRep/Gt6m/pg2DqyI.0;server=akswtt00700003l;cloudType=Consumer;environment=Prod_francecentral_prod-s01-062-eur-francecentral;migrationStage=NotStarted}
{"logTime": "0522/110116", "correlationVector":"ZV113ou5UpNJNnkaJq01gR","action":"Commit Request", "result":"", "context":Item count: 3
Contributing types: Sessions, History}
{"logTime": "0522/110117", "correlationVector":"ZV113ou5UpNJNnkaJq01gR.1","action":"SyncServerConnectionManagerRequest", "result":"SYNC_SERVER_OK", "context":{"environment":"Prod_francecentral_prod-s01-062-eur-francecentral", "migrationStage":"NotStarted", "server":"akswtt00700001x"}}
{"logTime": "0522/110117", "correlationVector":"ZV113ou5UpNJNnkaJq01gR.2","action":"Commit Response", "result":"Success", "context":Result: Success. cV=ZV113ou5UpNJNnkaJq01gR.0;server=akswtt00700001x;cloudType=Consumer;environment=Prod_francecentral_prod-s01-062-eur-francecentral;migrationStage=NotStarted}
{"logTime": "0522/110812", "correlationVector":"nyVE5Fy+1QS0MQaTH3Ewk5","action":"Normal GetUpdate request", "result":"", "context":cV=nyVE5Fy+1QS0MQaTH3Ewk5
Nudged types: Sessions
Notified types: History}
{"logTime": "0522/110812", "correlationVector":"nyVE5Fy+1QS0MQaTH3Ewk5.1","action":"SyncServerConnectionManagerRequest", "result":"SYNC_SERVER_OK", "context":{"environment":"Prod_francecentral_prod-s01-062-eur-francecentral", "migrationStage":"NotStarted", "server":"akswtt007000013"}}
{"logTime": "0522/110812", "correlationVector":"nyVE5Fy+1QS0MQaTH3Ewk5.2","action":"ProcessGetUpdates", "result":"Done", "context":{"dataType":"Sessions", "deleted":"0", "process_failed_to_decrypt":"0", "process_pending_decryption":"0", "process_success":"3", "total":"3"}}
{"logTime": "0522/110812", "correlationVector":"nyVE5Fy+1QS0MQaTH3Ewk5.3","action":"ProcessGetUpdates", "result":"Done", "context":{"dataType":"History", "deleted":"0", "process_failed_to_decrypt":"0", "process_pending_decryption":"0", "process_success":"3", "total":"3"}}
{"logTime": "0522/110812", "correlationVector":"nyVE5Fy+1QS0MQaTH3Ewk5.4","action":"GetUpdates Response", "result":"Success", "context":Received 6 update(s). cV=nyVE5Fy+1QS0MQaTH3Ewk5.0;server=akswtt007000013;cloudType=Consumer;environment=Prod_francecentral_prod-s01-062-eur-francecentral;migrationStage=NotStarted}
{"logTime": "0522/110812", "correlationVector":"YpBfdYT1T0rISIvYtsADHe","action":"Commit Request", "result":"", "context":Item count: 1
Contributing types: Sessions}
{"logTime": "0522/110813", "correlationVector":"YpBfdYT1T0rISIvYtsADHe.1","action":"SyncServerConnectionManagerRequest", "result":"SYNC_SERVER_OK", "context":{"environment":"Prod_francecentral_prod-s01-062-eur-francecentral", "migrationStage":"NotStarted", "server":"akswtt00700001v"}}
{"logTime": "0522/110813", "correlationVector":"YpBfdYT1T0rISIvYtsADHe.2","action":"Commit Response", "result":"Success", "context":Result: Success. cV=YpBfdYT1T0rISIvYtsADHe.0;server=akswtt00700001v;cloudType=Consumer;environment=Prod_francecentral_prod-s01-062-eur-francecentral;migrationStage=NotStarted}
{"logTime": "0522/111120", "correlationVector":"UwnvIKYX9/3tkw01orexjg","action":"Commit Request", "result":"", "context":Item count: 1
Contributing types: Sessions}
{"logTime": "0522/111121", "correlationVector":"UwnvIKYX9/3tkw01orexjg.1","action":"SyncServerConnectionManagerRequest", "result":"SYNC_SERVER_OK", "context":{"environment":"Prod_francecentral_prod-s01-062-eur-francecentral", "migrationStage":"NotStarted", "server":"akswtt007000060"}}
{"logTime": "0522/111121", "correlationVector":"UwnvIKYX9/3tkw01orexjg.2","action":"Commit Response", "result":"Success", "context":Result: Success. cV=UwnvIKYX9/3tkw01orexjg.0;server=akswtt007000060;cloudType=Consumer;environment=Prod_francecentral_prod-s01-062-eur-francecentral;migrationStage=NotStarted}
{"logTime": "0522/111428", "correlationVector":"J7CepOfFtYqDqyj3rPGMN8","action":"Commit Request", "result":"", "context":Item count: 1
Contributing types: Sessions}
{"logTime": "0522/111429", "correlationVector":"J7CepOfFtYqDqyj3rPGMN8.1","action":"SyncServerConnectionManagerRequest", "result":"SYNC_SERVER_OK", "context":{"environment":"Prod_francecentral_prod-s01-062-eur-francecentral", "migrationStage":"NotStarted", "server":"akswtt00700005b"}}
{"logTime": "0522/111429", "correlationVector":"J7CepOfFtYqDqyj3rPGMN8.2","action":"Commit Response", "result":"Success", "context":Result: Success. cV=J7CepOfFtYqDqyj3rPGMN8.0;server=akswtt00700005b;cloudType=Consumer;environment=Prod_francecentral_prod-s01-062-eur-francecentral;migrationStage=NotStarted}
{"logTime": "0522/111716", "correlationVector":"6G12yKopqDusS/blmPfbvy","action":"Commit Request", "result":"", "context":Item count: 3
Contributing types: Sessions, History}
{"logTime": "0522/111717", "correlationVector":"6G12yKopqDusS/blmPfbvy.1","action":"SyncServerConnectionManagerRequest", "result":"SYNC_SERVER_OK", "context":{"environment":"Prod_francecentral_prod-s01-062-eur-francecentral", "migrationStage":"NotStarted", "server":"akswtt00700004t"}}
{"logTime": "0522/111717", "correlationVector":"6G12yKopqDusS/blmPfbvy.2","action":"Commit Response", "result":"Success", "context":Result: Success. cV=6G12yKopqDusS/blmPfbvy.0;server=akswtt00700004t;cloudType=Consumer;environment=Prod_francecentral_prod-s01-062-eur-francecentral;migrationStage=NotStarted}
{"logTime": "0522/111915", "correlationVector":"EKPdJ7XZjPe9AioJvVxdsw","action":"Commit Request", "result":"", "context":Item count: 1
Contributing types: Sessions}
{"logTime": "0522/111915", "correlationVector":"EKPdJ7XZjPe9AioJvVxdsw.1","action":"SyncServerConnectionManagerRequest", "result":"SYNC_SERVER_OK", "context":{"environment":"Prod_francecentral_prod-s01-062-eur-francecentral", "migrationStage":"NotStarted", "server":"akswtt00700002c"}}
{"logTime": "0522/111915", "correlationVector":"EKPdJ7XZjPe9AioJvVxdsw.2","action":"Commit Response", "result":"Success", "context":Result: Success. cV=EKPdJ7XZjPe9AioJvVxdsw.0;server=akswtt00700002c;cloudType=Consumer;environment=Prod_francecentral_prod-s01-062-eur-francecentral;migrationStage=NotStarted}
{"logTime": "0522/112646", "correlationVector":"efHf4kT72dkrs3hPr7gj1/.1","action":"SyncServerConnectionManagerRequest", "result":"SYNC_SERVER_OK", "context":{"environment":"Prod_francecentral_prod-s01-062-eur-francecentral", "migrationStage":"NotStarted", "server":"akswtt00700001r"}}
{"logTime": "0522/112646", "correlationVector":"efHf4kT72dkrs3hPr7gj1/.2","action":"ProcessGetUpdates", "result":"Done", "context":{"dataType":"Encryption Keys", "deleted":"0", "process_failed_to_decrypt":"0", "process_pending_decryption":"0", "process_success":"1", "total":"1"}}
{"logTime": "0522/112647", "correlationVector":"4TGBkRLsCiao/dhHqfi6Ou","action":"SyncServerConnectionManagerRequest", "result":"SYNC_SERVER_OK", "context":{"environment":"", "migrationStage":"", "server":""}}
{"logTime": "0522/112647", "correlationVector":"4TGBkRLsCiao/dhHqfi6Ou.0","action":"EncryptionKeysFetcher.DownloadKeys:", "result":"Success", "context":Key count: 3, Last key timestamp: 2025-02-19T09:16:33Z}
{"logTime": "0522/112647", "correlationVector":"4TGBkRLsCiao/dhHqfi6Ou.1","action":"EncryptionKeysManager::SetEncryptionKeys:", "result":"Success", "context":Key names[3]:[qf68eDsemTwUjkcYNCOyYB6Qyk0oaG8PJXIAeANJ45aAnX5mXoQRqrducSOmH4TlwKoBym2wU2qpSnHn57yCRg==][Iec1XDdIymdMoKIj8FCpyPxVzpjAgWv9ToXpRGpWVFvFFL5jonsl8vGPMCQjfThfxnz9iqZujYP5Z1kArp0UQg==][fv4wXirBwxtrhQaK/vdNOwl4+3q3S/X6i7ul2fwyQ7lLzIExXlgmLXjJCXeIERWb06KIhxYrs8sjP5vq0huDaQ==]}
{"logTime": "0522/112647", "correlationVector":"4TGBkRLsCiao/dhHqfi6Ou.2","action":"EncryptionKeysManager::SetEncryptionKeysWithTimestamps:", "result":"Success", "context":Key timestamps[3]:[2023-10-05T22:06:51Z][2024-05-21T07:19:32Z][2025-02-19T09:16:33Z]}
{"logTime": "0522/112647", "correlationVector":"efHf4kT72dkrs3hPr7gj1/","action":"Initial GetUpdates", "result":"", "context":Reason: NEW_CLIENT. cV=efHf4kT72dkrs3hPr7gj1/}
{"logTime": "0522/112647", "correlationVector":"efHf4kT72dkrs3hPr7gj1/.3","action":"GetUpdates Response", "result":"Success", "context":Received 1 update(s). cV=efHf4kT72dkrs3hPr7gj1/.0;server=akswtt00700001r;cloudType=Consumer;environment=Prod_francecentral_prod-s01-062-eur-francecentral;migrationStage=NotStarted}
{"logTime": "0522/112647", "correlationVector":"0ar6+IIy+nF1sVkSs9wBbw","action":"Initial GetUpdates", "result":"", "context":Reason: NEWLY_SUPPORTED_DATATYPE. cV=0ar6+IIy+nF1sVkSs9wBbw}
{"logTime": "0522/112648", "correlationVector":"0ar6+IIy+nF1sVkSs9wBbw.1","action":"SyncServerConnectionManagerRequest", "result":"SYNC_SERVER_OK", "context":{"environment":"Prod_francecentral_prod-s01-062-eur-francecentral", "migrationStage":"NotStarted", "server":"akswtt007000037"}}
{"logTime": "0522/112648", "correlationVector":"0ar6+IIy+nF1sVkSs9wBbw.2","action":"ProcessGetUpdates", "result":"Done", "context":{"dataType":"Passwords", "deleted":"33", "process_failed_to_decrypt":"0", "process_pending_decryption":"0", "process_success":"142", "total":"142"}}
{"logTime": "0522/112648", "correlationVector":"0ar6+IIy+nF1sVkSs9wBbw.3","action":"GetUpdates Response", "result":"Success", "context":Received 142 update(s). cV=0ar6+IIy+nF1sVkSs9wBbw.0;server=akswtt007000037;cloudType=Consumer;environment=Prod_francecentral_prod-s01-062-eur-francecentral;migrationStage=NotStarted}
{"logTime": "0522/112648", "correlationVector":"s2TGcdLIWQqMYvmrjzkk9E","action":"Normal GetUpdate request", "result":"", "context":cV=s2TGcdLIWQqMYvmrjzkk9E
Nudged types: Sessions, Device Info, History
Refresh requested types: Bookmarks, Preferences, Passwords, Autofill Profiles, Autofill, Extensions, Sessions, Extension settings, History Delete Directives, Device Info, User Consents, Send Tab To Self, Web Apps, History, Saved Tab Group, Collection, Edge E Drop, Edge Hub App Usage, Edge Tab Group, Edge Wallet, Encryption Keys}
{"logTime": "0522/112648", "correlationVector":"s2TGcdLIWQqMYvmrjzkk9E.1","action":"SyncServerConnectionManagerRequest", "result":"SYNC_SERVER_OK", "context":{"environment":"Prod_francecentral_prod-s01-062-eur-francecentral", "migrationStage":"NotStarted", "server":"akswtt00700002u"}}
{"logTime": "0522/112648", "correlationVector":"s2TGcdLIWQqMYvmrjzkk9E.2","action":"ProcessGetUpdates", "result":"Done", "context":{"dataType":"Sessions", "deleted":"0", "process_failed_to_decrypt":"0", "process_pending_decryption":"0", "process_success":"2", "total":"2"}}
{"logTime": "0522/112648", "correlationVector":"s2TGcdLIWQqMYvmrjzkk9E.3","action":"ProcessGetUpdates", "result":"Done", "context":{"dataType":"History", "deleted":"0", "process_failed_to_decrypt":"0", "process_pending_decryption":"0", "process_success":"2", "total":"2"}}
{"logTime": "0522/112648", "correlationVector":"s2TGcdLIWQqMYvmrjzkk9E.4","action":"GetUpdates Response", "result":"Success", "context":Received 4 update(s). cV=s2TGcdLIWQqMYvmrjzkk9E.0;server=akswtt00700002u;cloudType=Consumer;environment=Prod_francecentral_prod-s01-062-eur-francecentral;migrationStage=NotStarted}
{"logTime": "0522/112649", "correlationVector":"o147fvncUfLcjxKOBYpg8k","action":"Commit Request", "result":"", "context":Item count: 3
Contributing types: Sessions, Device Info}
{"logTime": "0522/112649", "correlationVector":"o147fvncUfLcjxKOBYpg8k.1","action":"SyncServerConnectionManagerRequest", "result":"SYNC_SERVER_OK", "context":{"environment":"Prod_francecentral_prod-s01-062-eur-francecentral", "migrationStage":"NotStarted", "server":"akswtt007000002"}}
{"logTime": "0522/112649", "correlationVector":"o147fvncUfLcjxKOBYpg8k.2","action":"Commit Response", "result":"Success", "context":Result: Success. cV=o147fvncUfLcjxKOBYpg8k.0;server=akswtt007000002;cloudType=Consumer;environment=Prod_francecentral_prod-s01-062-eur-francecentral;migrationStage=NotStarted}
{"logTime": "0522/112657", "correlationVector":"3hDm9uDanIWZ1vwffHf0tR","action":"Commit Request", "result":"", "context":Item count: 40
Contributing types: Preferences, Passwords, Sessions}
{"logTime": "0522/112659", "correlationVector":"3hDm9uDanIWZ1vwffHf0tR.1","action":"SyncServerConnectionManagerRequest", "result":"SYNC_SERVER_OK", "context":{"environment":"Prod_francecentral_prod-s01-062-eur-francecentral", "migrationStage":"NotStarted", "server":"akswtt007000034"}}
{"logTime": "0522/112659", "correlationVector":"3hDm9uDanIWZ1vwffHf0tR.2","action":"Commit Response", "result":"Success", "context":Result: Success. cV=3hDm9uDanIWZ1vwffHf0tR.0;server=akswtt007000034;cloudType=Consumer;environment=Prod_francecentral_prod-s01-062-eur-francecentral;migrationStage=NotStarted}
{"logTime": "0522/112659", "correlationVector":"yaR3R+P9b/yzyF4sMFwvbq","action":"Commit Request", "result":"", "context":Item count: 1
Contributing types: History}
{"logTime": "0522/112700", "correlationVector":"yaR3R+P9b/yzyF4sMFwvbq.1","action":"SyncServerConnectionManagerRequest", "result":"SYNC_SERVER_OK", "context":{"environment":"Prod_francecentral_prod-s01-062-eur-francecentral", "migrationStage":"NotStarted", "server":"akswtt007000039"}}
{"logTime": "0522/112700", "correlationVector":"yaR3R+P9b/yzyF4sMFwvbq.2","action":"Commit Response", "result":"Success", "context":Result: Success. cV=yaR3R+P9b/yzyF4sMFwvbq.0;server=akswtt007000039;cloudType=Consumer;environment=Prod_francecentral_prod-s01-062-eur-francecentral;migrationStage=NotStarted}
{"logTime": "0522/112750", "correlationVector":"jSwRMG2xR55xwwRk9wVW0r","action":"Commit Request", "result":"", "context":Item count: 1
Contributing types: Device Info}
{"logTime": "0522/112751", "correlationVector":"jSwRMG2xR55xwwRk9wVW0r.1","action":"SyncServerConnectionManagerRequest", "result":"SYNC_SERVER_OK", "context":{"environment":"Prod_francecentral_prod-s01-062-eur-francecentral", "migrationStage":"NotStarted", "server":"akswtt00700003d"}}
{"logTime": "0522/112751", "correlationVector":"jSwRMG2xR55xwwRk9wVW0r.2","action":"Commit Response", "result":"Success", "context":Result: Success. cV=jSwRMG2xR55xwwRk9wVW0r.0;server=akswtt00700003d;cloudType=Consumer;environment=Prod_francecentral_prod-s01-062-eur-francecentral;migrationStage=NotStarted}
{"logTime": "0522/112751", "correlationVector":"bwyggwGj/e1xN0is44Ti1F","action":"Commit Request", "result":"", "context":Item count: 2
Contributing types: Preferences, Device Info}
{"logTime": "0522/112752", "correlationVector":"bwyggwGj/e1xN0is44Ti1F.1","action":"SyncServerConnectionManagerRequest", "result":"SYNC_SERVER_OK", "context":{"environment":"Prod_francecentral_prod-s01-062-eur-francecentral", "migrationStage":"NotStarted", "server":"akswtt00700000m"}}
{"logTime": "0522/112752", "correlationVector":"bwyggwGj/e1xN0is44Ti1F.2","action":"Commit Response", "result":"Success", "context":Result: Success. cV=bwyggwGj/e1xN0is44Ti1F.0;server=akswtt00700000m;cloudType=Consumer;environment=Prod_francecentral_prod-s01-062-eur-francecentral;migrationStage=NotStarted}
{"logTime": "0522/112900", "correlationVector":"9fM8MQUwpXWDY2xVjSq1I6","action":"Commit Request", "result":"", "context":Item count: 1
Contributing types: Sessions}
{"logTime": "0522/112900", "correlationVector":"9fM8MQUwpXWDY2xVjSq1I6.1","action":"SyncServerConnectionManagerRequest", "result":"SYNC_SERVER_OK", "context":{"environment":"Prod_francecentral_prod-s01-062-eur-francecentral", "migrationStage":"NotStarted", "server":"akswtt007000017"}}
{"logTime": "0522/112900", "correlationVector":"9fM8MQUwpXWDY2xVjSq1I6.2","action":"Commit Response", "result":"Success", "context":Result: Success. cV=9fM8MQUwpXWDY2xVjSq1I6.0;server=akswtt007000017;cloudType=Consumer;environment=Prod_francecentral_prod-s01-062-eur-francecentral;migrationStage=NotStarted}
{"logTime": "0522/114602", "correlationVector":"v0mPHFk+JKCgWlQMEBDJfY.1","action":"SyncServerConnectionManagerRequest", "result":"SYNC_SERVER_OK", "context":{"environment":"Prod_francecentral_prod-s01-062-eur-francecentral", "migrationStage":"NotStarted", "server":"akswtt007000039"}}
{"logTime": "0522/114602", "correlationVector":"v0mPHFk+JKCgWlQMEBDJfY.2","action":"ProcessGetUpdates", "result":"Done", "context":{"dataType":"Encryption Keys", "deleted":"0", "process_failed_to_decrypt":"0", "process_pending_decryption":"0", "process_success":"1", "total":"1"}}
{"logTime": "0522/114603", "correlationVector":"64GyZcsAtdunf/U1irJTO7","action":"SyncServerConnectionManagerRequest", "result":"SYNC_SERVER_OK", "context":{"environment":"", "migrationStage":"", "server":""}}
{"logTime": "0522/114603", "correlationVector":"64GyZcsAtdunf/U1irJTO7.0","action":"EncryptionKeysFetcher.DownloadKeys:", "result":"Success", "context":Key count: 3, Last key timestamp: 2025-02-19T09:16:33Z}
{"logTime": "0522/114603", "correlationVector":"64GyZcsAtdunf/U1irJTO7.1","action":"EncryptionKeysManager::SetEncryptionKeys:", "result":"Success", "context":Key names[3]:[qf68eDsemTwUjkcYNCOyYB6Qyk0oaG8PJXIAeANJ45aAnX5mXoQRqrducSOmH4TlwKoBym2wU2qpSnHn57yCRg==][Iec1XDdIymdMoKIj8FCpyPxVzpjAgWv9ToXpRGpWVFvFFL5jonsl8vGPMCQjfThfxnz9iqZujYP5Z1kArp0UQg==][fv4wXirBwxtrhQaK/vdNOwl4+3q3S/X6i7ul2fwyQ7lLzIExXlgmLXjJCXeIERWb06KIhxYrs8sjP5vq0huDaQ==]}
{"logTime": "0522/114603", "correlationVector":"64GyZcsAtdunf/U1irJTO7.2","action":"EncryptionKeysManager::SetEncryptionKeysWithTimestamps:", "result":"Success", "context":Key timestamps[3]:[2023-10-05T22:06:51Z][2024-05-21T07:19:32Z][2025-02-19T09:16:33Z]}
{"logTime": "0522/114603", "correlationVector":"v0mPHFk+JKCgWlQMEBDJfY","action":"Initial GetUpdates", "result":"", "context":Reason: NEW_CLIENT. cV=v0mPHFk+JKCgWlQMEBDJfY}
{"logTime": "0522/114603", "correlationVector":"v0mPHFk+JKCgWlQMEBDJfY.3","action":"GetUpdates Response", "result":"Success", "context":Received 1 update(s). cV=v0mPHFk+JKCgWlQMEBDJfY.0;server=akswtt007000039;cloudType=Consumer;environment=Prod_francecentral_prod-s01-062-eur-francecentral;migrationStage=NotStarted}
{"logTime": "0522/114603", "correlationVector":"x8h3sfCBNzFD+Q4rH2Rkv3","action":"Initial GetUpdates", "result":"", "context":Reason: NEWLY_SUPPORTED_DATATYPE. cV=x8h3sfCBNzFD+Q4rH2Rkv3}
{"logTime": "0522/114604", "correlationVector":"x8h3sfCBNzFD+Q4rH2Rkv3.1","action":"SyncServerConnectionManagerRequest", "result":"SYNC_SERVER_OK", "context":{"environment":"Prod_francecentral_prod-s01-062-eur-francecentral", "migrationStage":"NotStarted", "server":"akswtt00700003f"}}
{"logTime": "0522/114604", "correlationVector":"x8h3sfCBNzFD+Q4rH2Rkv3.2","action":"ProcessGetUpdates", "result":"Done", "context":{"dataType":"Passwords", "deleted":"33", "process_failed_to_decrypt":"0", "process_pending_decryption":"0", "process_success":"142", "total":"142"}}
{"logTime": "0522/114604", "correlationVector":"x8h3sfCBNzFD+Q4rH2Rkv3.3","action":"GetUpdates Response", "result":"Success", "context":Received 142 update(s). cV=x8h3sfCBNzFD+Q4rH2Rkv3.0;server=akswtt00700003f;cloudType=Consumer;environment=Prod_francecentral_prod-s01-062-eur-francecentral;migrationStage=NotStarted}
{"logTime": "0522/114604", "correlationVector":"Vb2KuzLpK15vlY3XvmJhlT","action":"Normal GetUpdate request", "result":"", "context":cV=Vb2KuzLpK15vlY3XvmJhlT
Nudged types: Sessions, Device Info
Refresh requested types: Bookmarks, Preferences, Passwords, Autofill Profiles, Autofill, Extensions, Sessions, Extension settings, History Delete Directives, Device Info, User Consents, Send Tab To Self, Web Apps, History, Saved Tab Group, Collection, Edge E Drop, Edge Hub App Usage, Edge Tab Group, Edge Wallet, Encryption Keys}
{"logTime": "0522/114605", "correlationVector":"Vb2KuzLpK15vlY3XvmJhlT.1","action":"SyncServerConnectionManagerRequest", "result":"SYNC_SERVER_OK", "context":{"environment":"Prod_francecentral_prod-s01-062-eur-francecentral", "migrationStage":"NotStarted", "server":"akswtt00700004j"}}
{"logTime": "0522/114605", "correlationVector":"Vb2KuzLpK15vlY3XvmJhlT.2","action":"ProcessGetUpdates", "result":"Done", "context":{"dataType":"Preferences", "deleted":"0", "process_failed_to_decrypt":"0", "process_pending_decryption":"0", "process_success":"2", "total":"2"}}
{"logTime": "0522/114605", "correlationVector":"Vb2KuzLpK15vlY3XvmJhlT.3","action":"ProcessGetUpdates", "result":"Done", "context":{"dataType":"Sessions", "deleted":"0", "process_failed_to_decrypt":"0", "process_pending_decryption":"0", "process_success":"9", "total":"9"}}
{"logTime": "0522/114605", "correlationVector":"Vb2KuzLpK15vlY3XvmJhlT.4","action":"ProcessGetUpdates", "result":"Done", "context":{"dataType":"Device Info", "deleted":"0", "process_failed_to_decrypt":"0", "process_pending_decryption":"0", "process_success":"1", "total":"1"}}
{"logTime": "0522/114605", "correlationVector":"Vb2KuzLpK15vlY3XvmJhlT.5","action":"ProcessGetUpdates", "result":"Done", "context":{"dataType":"History", "deleted":"0", "process_failed_to_decrypt":"0", "process_pending_decryption":"0", "process_success":"6", "total":"6"}}
{"logTime": "0522/114605", "correlationVector":"Vb2KuzLpK15vlY3XvmJhlT.6","action":"GetUpdates Response", "result":"Success", "context":Received 18 update(s). cV=Vb2KuzLpK15vlY3XvmJhlT.0;server=akswtt00700004j;cloudType=Consumer;environment=Prod_francecentral_prod-s01-062-eur-francecentral;migrationStage=NotStarted}
{"logTime": "0522/114605", "correlationVector":"CxiuyhDq7xMD7mwxFjazsJ","action":"Commit Request", "result":"", "context":Item count: 3
Contributing types: Sessions, Device Info}
{"logTime": "0522/114605", "correlationVector":"CxiuyhDq7xMD7mwxFjazsJ.1","action":"SyncServerConnectionManagerRequest", "result":"SYNC_SERVER_OK", "context":{"environment":"Prod_francecentral_prod-s01-062-eur-francecentral", "migrationStage":"NotStarted", "server":"akswtt00700002g"}}
{"logTime": "0522/114605", "correlationVector":"CxiuyhDq7xMD7mwxFjazsJ.2","action":"Commit Response", "result":"Success", "context":Result: Success. cV=CxiuyhDq7xMD7mwxFjazsJ.0;server=akswtt00700002g;cloudType=Consumer;environment=Prod_francecentral_prod-s01-062-eur-francecentral;migrationStage=NotStarted}
{"logTime": "0522/114614", "correlationVector":"qNNeMkjzHPWMjD6GWJdszQ","action":"Commit Request", "result":"", "context":Item count: 40
Contributing types: Preferences, Passwords, Sessions}
{"logTime": "0522/114616", "correlationVector":"qNNeMkjzHPWMjD6GWJdszQ.1","action":"SyncServerConnectionManagerRequest", "result":"SYNC_SERVER_OK", "context":{"environment":"Prod_francecentral_prod-s01-062-eur-francecentral", "migrationStage":"NotStarted", "server":"akswtt00700001q"}}
{"logTime": "0522/114616", "correlationVector":"qNNeMkjzHPWMjD6GWJdszQ.2","action":"Commit Response", "result":"Success", "context":Result: Success. cV=qNNeMkjzHPWMjD6GWJdszQ.0;server=akswtt00700001q;cloudType=Consumer;environment=Prod_francecentral_prod-s01-062-eur-francecentral;migrationStage=NotStarted}
{"logTime": "0522/114616", "correlationVector":"Srg3cAXUUiyFxG7aRWOSI1","action":"Commit Request", "result":"", "context":Item count: 1
Contributing types: History}
{"logTime": "0522/114616", "correlationVector":"Srg3cAXUUiyFxG7aRWOSI1.1","action":"SyncServerConnectionManagerRequest", "result":"SYNC_SERVER_OK", "context":{"environment":"Prod_francecentral_prod-s01-062-eur-francecentral", "migrationStage":"NotStarted", "server":"akswtt007000000"}}
{"logTime": "0522/114616", "correlationVector":"Srg3cAXUUiyFxG7aRWOSI1.2","action":"Commit Response", "result":"Success", "context":Result: Success. cV=Srg3cAXUUiyFxG7aRWOSI1.0;server=akswtt007000000;cloudType=Consumer;environment=Prod_francecentral_prod-s01-062-eur-francecentral;migrationStage=NotStarted}
{"logTime": "0522/114618", "correlationVector":"ciBluax8VCY52soGU94zs4","action":"Commit Request", "result":"", "context":Item count: 1
Contributing types: Device Info}
{"logTime": "0522/114619", "correlationVector":"ciBluax8VCY52soGU94zs4.1","action":"SyncServerConnectionManagerRequest", "result":"SYNC_SERVER_OK", "context":{"environment":"Prod_francecentral_prod-s01-062-eur-francecentral", "migrationStage":"NotStarted", "server":"akswtt00700003y"}}
{"logTime": "0522/114619", "correlationVector":"ciBluax8VCY52soGU94zs4.2","action":"Commit Response", "result":"Success", "context":Result: Success. cV=ciBluax8VCY52soGU94zs4.0;server=akswtt00700003y;cloudType=Consumer;environment=Prod_francecentral_prod-s01-062-eur-francecentral;migrationStage=NotStarted}
{"logTime": "0522/114619", "correlationVector":"YOYukht+gqNavpbwH6csEN","action":"Commit Request", "result":"", "context":Item count: 2
Contributing types: Preferences, Device Info}
{"logTime": "0522/114620", "correlationVector":"YOYukht+gqNavpbwH6csEN.1","action":"SyncServerConnectionManagerRequest", "result":"SYNC_SERVER_OK", "context":{"environment":"Prod_francecentral_prod-s01-062-eur-francecentral", "migrationStage":"NotStarted", "server":"akswtt007000028"}}
{"logTime": "0522/114620", "correlationVector":"YOYukht+gqNavpbwH6csEN.2","action":"Commit Response", "result":"Success", "context":Result: Success. cV=YOYukht+gqNavpbwH6csEN.0;server=akswtt007000028;cloudType=Consumer;environment=Prod_francecentral_prod-s01-062-eur-francecentral;migrationStage=NotStarted}
{"logTime": "0522/121024", "correlationVector":"MfCv4kKXqDVVim4pSRb5GW.1","action":"SyncServerConnectionManagerRequest", "result":"SYNC_SERVER_OK", "context":{"environment":"Prod_francecentral_prod-s01-062-eur-francecentral", "migrationStage":"NotStarted", "server":"akswtt00700003z"}}
{"logTime": "0522/121024", "correlationVector":"MfCv4kKXqDVVim4pSRb5GW.2","action":"ProcessGetUpdates", "result":"Done", "context":{"dataType":"Encryption Keys", "deleted":"0", "process_failed_to_decrypt":"0", "process_pending_decryption":"0", "process_success":"1", "total":"1"}}
{"logTime": "0522/121025", "correlationVector":"pmG3TzQb6hk7UYD0WOdWSS","action":"SyncServerConnectionManagerRequest", "result":"SYNC_SERVER_OK", "context":{"environment":"", "migrationStage":"", "server":""}}
{"logTime": "0522/121025", "correlationVector":"pmG3TzQb6hk7UYD0WOdWSS.0","action":"EncryptionKeysFetcher.DownloadKeys:", "result":"Success", "context":Key count: 3, Last key timestamp: 2025-02-19T09:16:33Z}
{"logTime": "0522/121025", "correlationVector":"pmG3TzQb6hk7UYD0WOdWSS.1","action":"EncryptionKeysManager::SetEncryptionKeys:", "result":"Success", "context":Key names[3]:[qf68eDsemTwUjkcYNCOyYB6Qyk0oaG8PJXIAeANJ45aAnX5mXoQRqrducSOmH4TlwKoBym2wU2qpSnHn57yCRg==][Iec1XDdIymdMoKIj8FCpyPxVzpjAgWv9ToXpRGpWVFvFFL5jonsl8vGPMCQjfThfxnz9iqZujYP5Z1kArp0UQg==][fv4wXirBwxtrhQaK/vdNOwl4+3q3S/X6i7ul2fwyQ7lLzIExXlgmLXjJCXeIERWb06KIhxYrs8sjP5vq0huDaQ==]}
{"logTime": "0522/121025", "correlationVector":"pmG3TzQb6hk7UYD0WOdWSS.2","action":"EncryptionKeysManager::SetEncryptionKeysWithTimestamps:", "result":"Success", "context":Key timestamps[3]:[2023-10-05T22:06:51Z][2024-05-21T07:19:32Z][2025-02-19T09:16:33Z]}
{"logTime": "0522/121025", "correlationVector":"MfCv4kKXqDVVim4pSRb5GW","action":"Initial GetUpdates", "result":"", "context":Reason: NEW_CLIENT. cV=MfCv4kKXqDVVim4pSRb5GW}
{"logTime": "0522/121025", "correlationVector":"MfCv4kKXqDVVim4pSRb5GW.3","action":"GetUpdates Response", "result":"Success", "context":Received 1 update(s). cV=MfCv4kKXqDVVim4pSRb5GW.0;server=akswtt00700003z;cloudType=Consumer;environment=Prod_francecentral_prod-s01-062-eur-francecentral;migrationStage=NotStarted}
{"logTime": "0522/121025", "correlationVector":"4w7B2luWGuEbKRISwnYoR5","action":"Initial GetUpdates", "result":"", "context":Reason: NEWLY_SUPPORTED_DATATYPE. cV=4w7B2luWGuEbKRISwnYoR5}
{"logTime": "0522/121026", "correlationVector":"4w7B2luWGuEbKRISwnYoR5.1","action":"SyncServerConnectionManagerRequest", "result":"SYNC_SERVER_OK", "context":{"environment":"Prod_francecentral_prod-s01-062-eur-francecentral", "migrationStage":"NotStarted", "server":"akswtt00700002y"}}
{"logTime": "0522/121026", "correlationVector":"4w7B2luWGuEbKRISwnYoR5.2","action":"ProcessGetUpdates", "result":"Done", "context":{"dataType":"Passwords", "deleted":"33", "process_failed_to_decrypt":"0", "process_pending_decryption":"0", "process_success":"142", "total":"142"}}
{"logTime": "0522/121026", "correlationVector":"4w7B2luWGuEbKRISwnYoR5.3","action":"GetUpdates Response", "result":"Success", "context":Received 142 update(s). cV=4w7B2luWGuEbKRISwnYoR5.0;server=akswtt00700002y;cloudType=Consumer;environment=Prod_francecentral_prod-s01-062-eur-francecentral;migrationStage=NotStarted}
{"logTime": "0522/121026", "correlationVector":"gZmrr55E7Vi8xg3Wj9GVYe","action":"Normal GetUpdate request", "result":"", "context":cV=gZmrr55E7Vi8xg3Wj9GVYe
Nudged types: Sessions, Device Info, History
Refresh requested types: Bookmarks, Preferences, Passwords, Autofill Profiles, Autofill, Extensions, Sessions, Extension settings, History Delete Directives, Device Info, User Consents, Send Tab To Self, Web Apps, History, Saved Tab Group, Collection, Edge E Drop, Edge Hub App Usage, Edge Tab Group, Edge Wallet, Encryption Keys}
{"logTime": "0522/121026", "correlationVector":"gZmrr55E7Vi8xg3Wj9GVYe.1","action":"SyncServerConnectionManagerRequest", "result":"SYNC_SERVER_OK", "context":{"environment":"Prod_francecentral_prod-s01-062-eur-francecentral", "migrationStage":"NotStarted", "server":"akswtt007000031"}}
{"logTime": "0522/121026", "correlationVector":"gZmrr55E7Vi8xg3Wj9GVYe.2","action":"ProcessGetUpdates", "result":"Done", "context":{"dataType":"Preferences", "deleted":"0", "process_failed_to_decrypt":"0", "process_pending_decryption":"0", "process_success":"2", "total":"2"}}
{"logTime": "0522/121026", "correlationVector":"gZmrr55E7Vi8xg3Wj9GVYe.3","action":"ProcessGetUpdates", "result":"Done", "context":{"dataType":"Sessions", "deleted":"1", "process_failed_to_decrypt":"0", "process_pending_decryption":"0", "process_success":"4", "total":"4"}}
{"logTime": "0522/121026", "correlationVector":"gZmrr55E7Vi8xg3Wj9GVYe.4","action":"ProcessGetUpdates", "result":"Done", "context":{"dataType":"Device Info", "deleted":"0", "process_failed_to_decrypt":"0", "process_pending_decryption":"0", "process_success":"1", "total":"1"}}
{"logTime": "0522/121026", "correlationVector":"gZmrr55E7Vi8xg3Wj9GVYe.5","action":"ProcessGetUpdates", "result":"Done", "context":{"dataType":"History", "deleted":"0", "process_failed_to_decrypt":"0", "process_pending_decryption":"0", "process_success":"2", "total":"2"}}
{"logTime": "0522/121026", "correlationVector":"gZmrr55E7Vi8xg3Wj9GVYe.6","action":"GetUpdates Response", "result":"Success", "context":Received 9 update(s). cV=gZmrr55E7Vi8xg3Wj9GVYe.0;server=akswtt007000031;cloudType=Consumer;environment=Prod_francecentral_prod-s01-062-eur-francecentral;migrationStage=NotStarted}
{"logTime": "0522/121026", "correlationVector":"XPJl0OUaHs55q2x7LcVNBI","action":"Commit Request", "result":"", "context":Item count: 4
Contributing types: Sessions, Device Info, History}
{"logTime": "0522/121027", "correlationVector":"XPJl0OUaHs55q2x7LcVNBI.1","action":"SyncServerConnectionManagerRequest", "result":"SYNC_SERVER_OK", "context":{"environment":"Prod_francecentral_prod-s01-062-eur-francecentral", "migrationStage":"NotStarted", "server":"akswtt00700001d"}}
{"logTime": "0522/121027", "correlationVector":"XPJl0OUaHs55q2x7LcVNBI.2","action":"Commit Response", "result":"Success", "context":Result: Success. cV=XPJl0OUaHs55q2x7LcVNBI.0;server=akswtt00700001d;cloudType=Consumer;environment=Prod_francecentral_prod-s01-062-eur-francecentral;migrationStage=NotStarted}
{"logTime": "0522/121035", "correlationVector":"7EFwpX0Js59V9s3kFSRDrw","action":"Commit Request", "result":"", "context":Item count: 40
Contributing types: Preferences, Passwords, Sessions}
{"logTime": "0522/121038", "correlationVector":"7EFwpX0Js59V9s3kFSRDrw.1","action":"SyncServerConnectionManagerRequest", "result":"SYNC_SERVER_OK", "context":{"environment":"Prod_francecentral_prod-s01-062-eur-francecentral", "migrationStage":"NotStarted", "server":"akswtt00700004b"}}
{"logTime": "0522/121038", "correlationVector":"7EFwpX0Js59V9s3kFSRDrw.2","action":"Commit Response", "result":"Success", "context":Result: Success. cV=7EFwpX0Js59V9s3kFSRDrw.0;server=akswtt00700004b;cloudType=Consumer;environment=Prod_francecentral_prod-s01-062-eur-francecentral;migrationStage=NotStarted}
{"logTime": "0522/121038", "correlationVector":"pTG1Lz1nY5x9VsEExr4NW6","action":"Commit Request", "result":"", "context":Item count: 1
Contributing types: History}
{"logTime": "0522/121038", "correlationVector":"pTG1Lz1nY5x9VsEExr4NW6.1","action":"SyncServerConnectionManagerRequest", "result":"SYNC_SERVER_OK", "context":{"environment":"Prod_francecentral_prod-s01-062-eur-francecentral", "migrationStage":"NotStarted", "server":"akswtt00700003p"}}
{"logTime": "0522/121038", "correlationVector":"pTG1Lz1nY5x9VsEExr4NW6.2","action":"Commit Response", "result":"Success", "context":Result: Success. cV=pTG1Lz1nY5x9VsEExr4NW6.0;server=akswtt00700003p;cloudType=Consumer;environment=Prod_francecentral_prod-s01-062-eur-francecentral;migrationStage=NotStarted}
{"logTime": "0522/121057", "correlationVector":"athfydGEKwfebbhe2P/UE4","action":"Commit Request", "result":"", "context":Item count: 3
Contributing types: Sessions, Device Info, History}
{"logTime": "0522/121058", "correlationVector":"athfydGEKwfebbhe2P/UE4.1","action":"SyncServerConnectionManagerRequest", "result":"SYNC_SERVER_OK", "context":{"environment":"Prod_francecentral_prod-s01-062-eur-francecentral", "migrationStage":"NotStarted", "server":"akswtt007000033"}}
{"logTime": "0522/121058", "correlationVector":"athfydGEKwfebbhe2P/UE4.2","action":"Commit Response", "result":"Success", "context":Result: Success. cV=athfydGEKwfebbhe2P/UE4.0;server=akswtt007000033;cloudType=Consumer;environment=Prod_francecentral_prod-s01-062-eur-francecentral;migrationStage=NotStarted}
{"logTime": "0522/121059", "correlationVector":"a1lixORMGCKKimwduG+p5D","action":"Commit Request", "result":"", "context":Item count: 2
Contributing types: Preferences, Device Info}
{"logTime": "0522/121059", "correlationVector":"a1lixORMGCKKimwduG+p5D.1","action":"SyncServerConnectionManagerRequest", "result":"SYNC_SERVER_OK", "context":{"environment":"Prod_francecentral_prod-s01-062-eur-francecentral", "migrationStage":"NotStarted", "server":"akswtt007000023"}}
{"logTime": "0522/121059", "correlationVector":"a1lixORMGCKKimwduG+p5D.2","action":"Commit Response", "result":"Success", "context":Result: Success. cV=a1lixORMGCKKimwduG+p5D.0;server=akswtt007000023;cloudType=Consumer;environment=Prod_francecentral_prod-s01-062-eur-francecentral;migrationStage=NotStarted}
{"logTime": "0522/121211", "correlationVector":"Wv68hIIw06KOtJk7Q/STI0","action":"Commit Request", "result":"", "context":Item count: 3
Contributing types: Sessions, History}
{"logTime": "0522/121212", "correlationVector":"Wv68hIIw06KOtJk7Q/STI0.1","action":"SyncServerConnectionManagerRequest", "result":"SYNC_SERVER_OK", "context":{"environment":"Prod_francecentral_prod-s01-062-eur-francecentral", "migrationStage":"NotStarted", "server":"akswtt007000002"}}
{"logTime": "0522/121212", "correlationVector":"Wv68hIIw06KOtJk7Q/STI0.2","action":"Commit Response", "result":"Success", "context":Result: Success. cV=Wv68hIIw06KOtJk7Q/STI0.0;server=akswtt007000002;cloudType=Consumer;environment=Prod_francecentral_prod-s01-062-eur-francecentral;migrationStage=NotStarted}
{"logTime": "0522/121403", "correlationVector":"gOKYfAZzueq7QS47bGUm1C","action":"Normal GetUpdate request", "result":"", "context":cV=gOKYfAZzueq7QS47bGUm1C
Nudged types: History
Notified types: History}
{"logTime": "0522/121404", "correlationVector":"gOKYfAZzueq7QS47bGUm1C.1","action":"SyncServerConnectionManagerRequest", "result":"SYNC_SERVER_OK", "context":{"environment":"Prod_francecentral_prod-s01-062-eur-francecentral", "migrationStage":"NotStarted", "server":"akswtt007000035"}}
{"logTime": "0522/121404", "correlationVector":"gOKYfAZzueq7QS47bGUm1C.2","action":"ProcessGetUpdates", "result":"Done", "context":{"dataType":"Preferences", "deleted":"0", "process_failed_to_decrypt":"0", "process_pending_decryption":"0", "process_success":"2", "total":"2"}}
{"logTime": "0522/121404", "correlationVector":"gOKYfAZzueq7QS47bGUm1C.3","action":"ProcessGetUpdates", "result":"Done", "context":{"dataType":"Passwords", "deleted":"0", "process_failed_to_decrypt":"0", "process_pending_decryption":"0", "process_success":"38", "total":"38"}}
{"logTime": "0522/121404", "correlationVector":"gOKYfAZzueq7QS47bGUm1C.4","action":"ProcessGetUpdates", "result":"Done", "context":{"dataType":"Sessions", "deleted":"0", "process_failed_to_decrypt":"0", "process_pending_decryption":"0", "process_success":"9", "total":"9"}}
{"logTime": "0522/121404", "correlationVector":"gOKYfAZzueq7QS47bGUm1C.5","action":"ProcessGetUpdates", "result":"Done", "context":{"dataType":"Device Info", "deleted":"0", "process_failed_to_decrypt":"0", "process_pending_decryption":"0", "process_success":"1", "total":"1"}}
{"logTime": "0522/121404", "correlationVector":"gOKYfAZzueq7QS47bGUm1C.6","action":"ProcessGetUpdates", "result":"Done", "context":{"dataType":"History", "deleted":"0", "process_failed_to_decrypt":"0", "process_pending_decryption":"0", "process_success":"10", "total":"10"}}
{"logTime": "0522/121404", "correlationVector":"gOKYfAZzueq7QS47bGUm1C.7","action":"GetUpdates Response", "result":"Success", "context":Received 60 update(s). cV=gOKYfAZzueq7QS47bGUm1C.0;server=akswtt007000035;cloudType=Consumer;environment=Prod_francecentral_prod-s01-062-eur-francecentral;migrationStage=NotStarted}
{"logTime": "0522/121447", "correlationVector":"FYVEO+Ul/uuVsGOrR4LGMK","action":"Normal GetUpdate request", "result":"", "context":cV=FYVEO+Ul/uuVsGOrR4LGMK
Notified types: History Delete Directives, History}
{"logTime": "0522/121447", "correlationVector":"FYVEO+Ul/uuVsGOrR4LGMK.1","action":"SyncServerConnectionManagerRequest", "result":"SYNC_SERVER_OK", "context":{"environment":"Prod_francecentral_prod-s01-062-eur-francecentral", "migrationStage":"NotStarted", "server":"akswtt007000049"}}
{"logTime": "0522/121447", "correlationVector":"FYVEO+Ul/uuVsGOrR4LGMK.2","action":"ProcessGetUpdates", "result":"Done", "context":{"dataType":"Sessions", "deleted":"0", "process_failed_to_decrypt":"0", "process_pending_decryption":"0", "process_success":"3", "total":"3"}}
{"logTime": "0522/121447", "correlationVector":"FYVEO+Ul/uuVsGOrR4LGMK.3","action":"ProcessGetUpdates", "result":"Done", "context":{"dataType":"History Delete Directives", "deleted":"0", "process_failed_to_decrypt":"0", "process_pending_decryption":"0", "process_success":"1", "total":"1"}}
{"logTime": "0522/121447", "correlationVector":"FYVEO+Ul/uuVsGOrR4LGMK.4","action":"ProcessGetUpdates", "result":"Done", "context":{"dataType":"History", "deleted":"0", "process_failed_to_decrypt":"0", "process_pending_decryption":"0", "process_success":"2", "total":"2"}}
{"logTime": "0522/121447", "correlationVector":"FYVEO+Ul/uuVsGOrR4LGMK.5","action":"GetUpdates Response", "result":"Success", "context":Received 6 update(s). cV=FYVEO+Ul/uuVsGOrR4LGMK.0;server=akswtt007000049;cloudType=Consumer;environment=Prod_francecentral_prod-s01-062-eur-francecentral;migrationStage=NotStarted}
{"logTime": "0522/121549", "correlationVector":"/PMIaCGkh4Vo5nFWpstLcD","action":"Normal GetUpdate request", "result":"", "context":cV=/PMIaCGkh4Vo5nFWpstLcD
Nudged types: Sessions, History
Notified types: History}
{"logTime": "0522/121549", "correlationVector":"/PMIaCGkh4Vo5nFWpstLcD.1","action":"SyncServerConnectionManagerRequest", "result":"SYNC_SERVER_OK", "context":{"environment":"Prod_francecentral_prod-s01-062-eur-francecentral", "migrationStage":"NotStarted", "server":"akswtt00700003v"}}
{"logTime": "0522/121549", "correlationVector":"/PMIaCGkh4Vo5nFWpstLcD.2","action":"ProcessGetUpdates", "result":"Done", "context":{"dataType":"Sessions", "deleted":"1", "process_failed_to_decrypt":"0", "process_pending_decryption":"0", "process_success":"4", "total":"4"}}
{"logTime": "0522/121549", "correlationVector":"/PMIaCGkh4Vo5nFWpstLcD.3","action":"ProcessGetUpdates", "result":"Done", "context":{"dataType":"History", "deleted":"0", "process_failed_to_decrypt":"0", "process_pending_decryption":"0", "process_success":"10", "total":"10"}}
{"logTime": "0522/121549", "correlationVector":"/PMIaCGkh4Vo5nFWpstLcD.4","action":"GetUpdates Response", "result":"Success", "context":Received 14 update(s). cV=/PMIaCGkh4Vo5nFWpstLcD.0;server=akswtt00700003v;cloudType=Consumer;environment=Prod_francecentral_prod-s01-062-eur-francecentral;migrationStage=NotStarted}
{"logTime": "0522/121549", "correlationVector":"tuD1s9MPZziZrFPdC1zHid","action":"Commit Request", "result":"", "context":Item count: 3
Contributing types: Sessions, History}
{"logTime": "0522/121550", "correlationVector":"tuD1s9MPZziZrFPdC1zHid.1","action":"SyncServerConnectionManagerRequest", "result":"SYNC_SERVER_OK", "context":{"environment":"Prod_francecentral_prod-s01-062-eur-francecentral", "migrationStage":"NotStarted", "server":"akswtt007000007"}}
{"logTime": "0522/121550", "correlationVector":"tuD1s9MPZziZrFPdC1zHid.2","action":"Commit Response", "result":"Success", "context":Result: Success. cV=tuD1s9MPZziZrFPdC1zHid.0;server=akswtt007000007;cloudType=Consumer;environment=Prod_francecentral_prod-s01-062-eur-francecentral;migrationStage=NotStarted}
{"logTime": "0522/121551", "correlationVector":"YDgtWwrY6sDrGwRMM+gPLn","action":"Commit Request", "result":"", "context":Item count: 2
Contributing types: Preferences, Passwords}
{"logTime": "0522/121552", "correlationVector":"YDgtWwrY6sDrGwRMM+gPLn.1","action":"SyncServerConnectionManagerRequest", "result":"SYNC_SERVER_OK", "context":{"environment":"Prod_francecentral_prod-s01-062-eur-francecentral", "migrationStage":"NotStarted", "server":"akswtt007000041"}}
{"logTime": "0522/121552", "correlationVector":"YDgtWwrY6sDrGwRMM+gPLn.2","action":"Commit Response", "result":"Success", "context":Result: Success. cV=YDgtWwrY6sDrGwRMM+gPLn.0;server=akswtt007000041;cloudType=Consumer;environment=Prod_francecentral_prod-s01-062-eur-francecentral;migrationStage=NotStarted}
{"logTime": "0522/122409", "correlationVector":"5o3GH/bORLoMDmzAln1+N7.1","action":"SyncServerConnectionManagerRequest", "result":"SYNC_SERVER_OK", "context":{"environment":"Prod_francecentral_prod-s01-062-eur-francecentral", "migrationStage":"NotStarted", "server":"akswtt00700001p"}}
{"logTime": "0522/122409", "correlationVector":"5o3GH/bORLoMDmzAln1+N7.2","action":"ProcessGetUpdates", "result":"Done", "context":{"dataType":"Encryption Keys", "deleted":"0", "process_failed_to_decrypt":"0", "process_pending_decryption":"0", "process_success":"1", "total":"1"}}
{"logTime": "0522/122410", "correlationVector":"+HFDjuWDCE2cqD9MdDiKnS","action":"SyncServerConnectionManagerRequest", "result":"SYNC_SERVER_OK", "context":{"environment":"", "migrationStage":"", "server":""}}
{"logTime": "0522/122410", "correlationVector":"+HFDjuWDCE2cqD9MdDiKnS.0","action":"EncryptionKeysFetcher.DownloadKeys:", "result":"Success", "context":Key count: 3, Last key timestamp: 2025-02-19T09:16:33Z}
{"logTime": "0522/122410", "correlationVector":"+HFDjuWDCE2cqD9MdDiKnS.1","action":"EncryptionKeysManager::SetEncryptionKeys:", "result":"Success", "context":Key names[3]:[qf68eDsemTwUjkcYNCOyYB6Qyk0oaG8PJXIAeANJ45aAnX5mXoQRqrducSOmH4TlwKoBym2wU2qpSnHn57yCRg==][Iec1XDdIymdMoKIj8FCpyPxVzpjAgWv9ToXpRGpWVFvFFL5jonsl8vGPMCQjfThfxnz9iqZujYP5Z1kArp0UQg==][fv4wXirBwxtrhQaK/vdNOwl4+3q3S/X6i7ul2fwyQ7lLzIExXlgmLXjJCXeIERWb06KIhxYrs8sjP5vq0huDaQ==]}
{"logTime": "0522/122410", "correlationVector":"+HFDjuWDCE2cqD9MdDiKnS.2","action":"EncryptionKeysManager::SetEncryptionKeysWithTimestamps:", "result":"Success", "context":Key timestamps[3]:[2023-10-05T22:06:51Z][2024-05-21T07:19:32Z][2025-02-19T09:16:33Z]}
{"logTime": "0522/122410", "correlationVector":"5o3GH/bORLoMDmzAln1+N7","action":"Initial GetUpdates", "result":"", "context":Reason: NEW_CLIENT. cV=5o3GH/bORLoMDmzAln1+N7}
{"logTime": "0522/122410", "correlationVector":"5o3GH/bORLoMDmzAln1+N7.3","action":"GetUpdates Response", "result":"Success", "context":Received 1 update(s). cV=5o3GH/bORLoMDmzAln1+N7.0;server=akswtt00700001p;cloudType=Consumer;environment=Prod_francecentral_prod-s01-062-eur-francecentral;migrationStage=NotStarted}
{"logTime": "0522/122410", "correlationVector":"/hHYU+08hNy+kGMQcG7jo8","action":"Initial GetUpdates", "result":"", "context":Reason: NEWLY_SUPPORTED_DATATYPE. cV=/hHYU+08hNy+kGMQcG7jo8}
{"logTime": "0522/122410", "correlationVector":"/hHYU+08hNy+kGMQcG7jo8.1","action":"SyncServerConnectionManagerRequest", "result":"SYNC_SERVER_OK", "context":{"environment":"Prod_francecentral_prod-s01-062-eur-francecentral", "migrationStage":"NotStarted", "server":"akswtt00700000k"}}
{"logTime": "0522/122410", "correlationVector":"/hHYU+08hNy+kGMQcG7jo8.2","action":"ProcessGetUpdates", "result":"Done", "context":{"dataType":"Passwords", "deleted":"33", "process_failed_to_decrypt":"0", "process_pending_decryption":"0", "process_success":"143", "total":"143"}}
{"logTime": "0522/122410", "correlationVector":"/hHYU+08hNy+kGMQcG7jo8.3","action":"GetUpdates Response", "result":"Success", "context":Received 143 update(s). cV=/hHYU+08hNy+kGMQcG7jo8.0;server=akswtt00700000k;cloudType=Consumer;environment=Prod_francecentral_prod-s01-062-eur-francecentral;migrationStage=NotStarted}
{"logTime": "0522/122411", "correlationVector":"HAjhOciuVP2NG7uMbXb1t9","action":"Normal GetUpdate request", "result":"", "context":cV=HAjhOciuVP2NG7uMbXb1t9
Nudged types: Preferences, Sessions, Device Info
Refresh requested types: Bookmarks, Preferences, Passwords, Autofill Profiles, Autofill, Extensions, Sessions, Extension settings, History Delete Directives, Device Info, User Consents, Send Tab To Self, Web Apps, History, Saved Tab Group, Collection, Edge E Drop, Edge Hub App Usage, Edge Tab Group, Edge Wallet, Encryption Keys}
{"logTime": "0522/122411", "correlationVector":"HAjhOciuVP2NG7uMbXb1t9.1","action":"SyncServerConnectionManagerRequest", "result":"SYNC_SERVER_OK", "context":{"environment":"Prod_francecentral_prod-s01-062-eur-francecentral", "migrationStage":"NotStarted", "server":"akswtt007000033"}}
{"logTime": "0522/122411", "correlationVector":"HAjhOciuVP2NG7uMbXb1t9.2","action":"ProcessGetUpdates", "result":"Done", "context":{"dataType":"Preferences", "deleted":"0", "process_failed_to_decrypt":"0", "process_pending_decryption":"0", "process_success":"1", "total":"1"}}
{"logTime": "0522/122411", "correlationVector":"HAjhOciuVP2NG7uMbXb1t9.3","action":"ProcessGetUpdates", "result":"Done", "context":{"dataType":"Sessions", "deleted":"0", "process_failed_to_decrypt":"0", "process_pending_decryption":"0", "process_success":"7", "total":"7"}}
{"logTime": "0522/122411", "correlationVector":"HAjhOciuVP2NG7uMbXb1t9.4","action":"ProcessGetUpdates", "result":"Done", "context":{"dataType":"History", "deleted":"0", "process_failed_to_decrypt":"0", "process_pending_decryption":"0", "process_success":"7", "total":"7"}}
{"logTime": "0522/122411", "correlationVector":"HAjhOciuVP2NG7uMbXb1t9.5","action":"GetUpdates Response", "result":"Success", "context":Received 15 update(s). cV=HAjhOciuVP2NG7uMbXb1t9.0;server=akswtt007000033;cloudType=Consumer;environment=Prod_francecentral_prod-s01-062-eur-francecentral;migrationStage=NotStarted}
{"logTime": "0522/122419", "correlationVector":"DXWVQs13myRaRFfki5ev2P","action":"Commit Request", "result":"", "context":Item count: 4
Contributing types: Preferences, Sessions, Device Info}
{"logTime": "0522/122420", "correlationVector":"DXWVQs13myRaRFfki5ev2P.1","action":"SyncServerConnectionManagerRequest", "result":"SYNC_SERVER_OK", "context":{"environment":"Prod_francecentral_prod-s01-062-eur-francecentral", "migrationStage":"NotStarted", "server":"akswtt007000043"}}
{"logTime": "0522/122420", "correlationVector":"DXWVQs13myRaRFfki5ev2P.2","action":"Commit Response", "result":"Success", "context":Result: Success. cV=DXWVQs13myRaRFfki5ev2P.0;server=akswtt007000043;cloudType=Consumer;environment=Prod_francecentral_prod-s01-062-eur-francecentral;migrationStage=NotStarted}
{"logTime": "0522/122427", "correlationVector":"AjxKsW4hyy3jYUQ1VqRvpf","action":"Commit Request", "result":"", "context":Item count: 3
Contributing types: Sessions, Device Info, History}
{"logTime": "0522/122428", "correlationVector":"AjxKsW4hyy3jYUQ1VqRvpf.1","action":"SyncServerConnectionManagerRequest", "result":"SYNC_SERVER_OK", "context":{"environment":"Prod_francecentral_prod-s01-062-eur-francecentral", "migrationStage":"NotStarted", "server":"akswtt007000041"}}
{"logTime": "0522/122428", "correlationVector":"AjxKsW4hyy3jYUQ1VqRvpf.2","action":"Commit Response", "result":"Success", "context":Result: Success. cV=AjxKsW4hyy3jYUQ1VqRvpf.0;server=akswtt007000041;cloudType=Consumer;environment=Prod_francecentral_prod-s01-062-eur-francecentral;migrationStage=NotStarted}
{"logTime": "0522/122429", "correlationVector":"zmbIYklXc/jd4/NUY4zu68","action":"Commit Request", "result":"", "context":Item count: 2
Contributing types: Preferences, Device Info}
{"logTime": "0522/122429", "correlationVector":"zmbIYklXc/jd4/NUY4zu68.1","action":"SyncServerConnectionManagerRequest", "result":"SYNC_SERVER_OK", "context":{"environment":"Prod_francecentral_prod-s01-062-eur-francecentral", "migrationStage":"NotStarted", "server":"akswtt00700003e"}}
{"logTime": "0522/122429", "correlationVector":"zmbIYklXc/jd4/NUY4zu68.2","action":"Commit Response", "result":"Success", "context":Result: Success. cV=zmbIYklXc/jd4/NUY4zu68.0;server=akswtt00700003e;cloudType=Consumer;environment=Prod_francecentral_prod-s01-062-eur-francecentral;migrationStage=NotStarted}
{"logTime": "0522/122429", "correlationVector":"OPPBnku/86nczy7jfSEqDl","action":"Commit Request", "result":"", "context":Item count: 39
Contributing types: Preferences, Passwords}
{"logTime": "0522/122431", "correlationVector":"OPPBnku/86nczy7jfSEqDl.1","action":"SyncServerConnectionManagerRequest", "result":"SYNC_SERVER_OK", "context":{"environment":"Prod_francecentral_prod-s01-062-eur-francecentral", "migrationStage":"NotStarted", "server":"akswtt007000037"}}
{"logTime": "0522/122431", "correlationVector":"OPPBnku/86nczy7jfSEqDl.2","action":"Commit Response", "result":"Success", "context":Result: Success. cV=OPPBnku/86nczy7jfSEqDl.0;server=akswtt007000037;cloudType=Consumer;environment=Prod_francecentral_prod-s01-062-eur-francecentral;migrationStage=NotStarted}
