2025-05-23 06:16:36.890: [INFO][Sync] Reset engine, reason: 8
2025-05-23 06:16:36.890: [INFO][Sync] Stopped: Bookmarks
2025-05-23 06:16:36.890: [INFO][Sync] Stopped: Preferences
2025-05-23 06:16:36.900: [INFO][Sync] Stopped: Passwords
2025-05-23 06:16:36.900: [INFO][Sync] Stopped: Autofill Profiles
2025-05-23 06:16:36.900: [INFO][Sync] Stopped: Autofill
2025-05-23 06:16:36.900: [INFO][Sync] Stopped: Extensions
2025-05-23 06:16:36.900: [INFO][Sync] Stopped: Sessions
2025-05-23 06:16:36.900: [INFO][Sync] Stopped: Extension settings
2025-05-23 06:16:36.900: [INFO][Sync] Stopped: History Delete Directives
2025-05-23 06:16:36.900: [INFO][Sync] Stopped: Device Info
2025-05-23 06:16:36.900: [INFO][Sync] Stopped: User Consents
2025-05-23 06:16:36.900: [INFO][Sync] Stopped: Send Tab To Self
2025-05-23 06:16:36.900: [INFO][Sync] Stopped: Web Apps
2025-05-23 06:16:36.900: [INFO][Sync] Stopped: History
2025-05-23 06:16:36.900: [INFO][Sync] Stopped: Saved Tab Group
2025-05-23 06:16:36.900: [INFO][Sync] Stopped: Collection
2025-05-23 06:16:36.900: [INFO][Sync] Stopped: Edge E Drop
2025-05-23 06:16:36.900: [INFO][Sync] Stopped: Edge Hub App Usage
2025-05-23 06:16:36.900: [INFO][Sync] Stopped: Edge Tab Group
2025-05-23 06:16:36.900: [INFO][Sync] Stopped: Edge Wallet
2025-05-23 06:16:36.900: [INFO][Sync] SyncState after authenticated was: NotSignedIn
2025-05-23 06:16:37.913: [INFO][Sync] Reset engine, reason: 8
2025-05-23 06:16:37.913: [INFO][Sync] Stopped: Bookmarks
2025-05-23 06:16:37.913: [INFO][Sync] Stopped: Preferences
2025-05-23 06:16:37.913: [INFO][Sync] Stopped: Passwords
2025-05-23 06:16:37.913: [INFO][Sync] Stopped: Autofill Profiles
2025-05-23 06:16:37.913: [INFO][Sync] Stopped: Autofill
2025-05-23 06:16:37.913: [INFO][Sync] Stopped: Extensions
2025-05-23 06:16:37.913: [INFO][Sync] Stopped: Sessions
2025-05-23 06:16:37.913: [INFO][Sync] Stopped: Extension settings
2025-05-23 06:16:37.913: [INFO][Sync] Stopped: History Delete Directives
2025-05-23 06:16:37.913: [INFO][Sync] Stopped: Device Info
2025-05-23 06:16:37.913: [INFO][Sync] Stopped: User Consents
2025-05-23 06:16:37.913: [INFO][Sync] Stopped: Send Tab To Self
2025-05-23 06:16:37.913: [INFO][Sync] Stopped: Web Apps
2025-05-23 06:16:37.913: [INFO][Sync] Stopped: History
2025-05-23 06:16:37.913: [INFO][Sync] Stopped: Saved Tab Group
2025-05-23 06:16:37.913: [INFO][Sync] Stopped: Collection
2025-05-23 06:16:37.913: [INFO][Sync] Stopped: Edge E Drop
2025-05-23 06:16:37.913: [INFO][Sync] Stopped: Edge Hub App Usage
2025-05-23 06:16:37.913: [INFO][Sync] Stopped: Edge Tab Group
2025-05-23 06:16:37.913: [INFO][Sync] Stopped: Edge Wallet
2025-05-23 06:16:42.946: [INFO][Sync] Try to start sync engine
2025-05-23 06:16:43.049: [INFO][SyncManagerImpl::NudgeForInitialDownload] Initial download nudge for Encryption Keys
2025-05-23 06:16:43.049: [INFO][SyncEngineBackend::LoadAndConnectNigoriController] Load and connect Nigori controller
2025-05-23 06:16:43.049: [INFO][SyncEngineBackend::DoInitialize] Control Types added: Encryption Keys
2025-05-23 06:16:43.049: [INFO][SyncManagerImpl::ConfigureSyncer] Types to download: Encryption Keys with reason: 3
2025-05-23 06:16:43.049: [INFO][SyncSchedulerImpl::DoConfigurationSyncCycleJob] Configure job was blocked
2025-05-23 06:16:43.145: [INFO][SyncAuthManager::SetLastAuthError] Current auth error: None
2025-05-23 06:16:43.145: [INFO][SyncAuthManager::EdgeLogTokenErrorState] Token error with: None for account type: MSA
2025-05-23 06:16:43.145: [INFO][Sync] Credentials changed for: EdgeSyncScopeNew
2025-05-23 06:16:45.761: [INFO][SyncAuthManager::SetLastAuthError] Current auth error: None
2025-05-23 06:16:45.761: [INFO][SyncAuthManager::EdgeLogTokenErrorState] Token error with: None for account type: MSA
2025-05-23 06:16:45.761: [INFO][Sync] Credentials changed for: EdgeSyncKeyDataScope
2025-05-23 06:16:45.762: [INFO][SyncEngineBackend::DoUpdateKeyDataCredentials] Update key data credentials
2025-05-23 06:16:45.762: [INFO][SyncEngineBackend::DoUpdateCredentials] Update credentials
2025-05-23 06:16:45.762: [INFO][SyncSchedulerImpl::DoConfigurationSyncCycleJob] Blocked types:  and types to download: Encryption Keys
2025-05-23 06:16:51.750: [INFO][Sync] Started DataTypeManager configuration, reason: 4
2025-05-23 06:16:51.750: [INFO][Sync] Configuring for: Bookmarks, Preferences, Passwords, Autofill Profiles, Autofill, Extensions, Sessions, Extension settings, History Delete Directives, Device Info, User Consents, Send Tab To Self, Web Apps, History, Saved Tab Group, Collection, Edge E Drop, Edge Hub App Usage, Edge Tab Group, Edge Wallet, Encryption Keys, reason: 3, current state: 0
2025-05-23 06:16:51.750: [WARN][Sync] Crypto error data types: Passwords, Autofill Profiles, Autofill
2025-05-23 06:16:51.751: [INFO][Sync] Configure, desired: Bookmarks, Preferences, Extensions, Sessions, Extension settings, History Delete Directives, Device Info, User Consents, Send Tab To Self, Web Apps, History, Saved Tab Group, Collection, Edge E Drop, Edge Hub App Usage, Edge Tab Group, Edge Wallet, Encryption Keys; Allow fail: Passwords, Autofill Profiles, Autofill
2025-05-23 06:16:51.752: [INFO][Sync] Loading: Bookmarks
2025-05-23 06:16:51.752: [INFO][Sync] Loading: Preferences
2025-05-23 06:16:51.752: [INFO][Sync] Loading: Extensions
2025-05-23 06:16:51.752: [INFO][Sync] Loading: Sessions
2025-05-23 06:16:51.752: [INFO][Sync] Loading: Extension settings
2025-05-23 06:16:51.752: [INFO][Sync] Loading: History Delete Directives
2025-05-23 06:16:51.752: [INFO][Sync] Loading: Device Info
2025-05-23 06:16:51.752: [INFO][Sync] Loading: User Consents
2025-05-23 06:16:51.752: [INFO][Sync] Loading: Send Tab To Self
2025-05-23 06:16:51.752: [INFO][Sync] Loading: Web Apps
2025-05-23 06:16:51.752: [INFO][Sync] Loading: History
2025-05-23 06:16:51.752: [INFO][Sync] Loading: Saved Tab Group
2025-05-23 06:16:51.752: [INFO][Sync] Loading: Collection
2025-05-23 06:16:51.752: [INFO][Sync] Loading: Edge E Drop
2025-05-23 06:16:51.752: [INFO][Sync] Loading: Edge Hub App Usage
2025-05-23 06:16:51.752: [INFO][Sync] Loading: Edge Tab Group
2025-05-23 06:16:51.752: [INFO][Sync] Loading: Edge Wallet
2025-05-23 06:16:51.758: [INFO][Sync] All data types are ready for configure.
2025-05-23 06:16:52.913: [INFO][Sync] Started DataTypeManager configuration, reason: 5
2025-05-23 06:16:52.913: [INFO][Sync] Configuring for: Bookmarks, Preferences, Passwords, Autofill Profiles, Autofill, Extensions, Sessions, Extension settings, History Delete Directives, Device Info, User Consents, Send Tab To Self, Web Apps, History, Saved Tab Group, Collection, Edge E Drop, Edge Hub App Usage, Edge Tab Group, Edge Wallet, Encryption Keys, reason: 5, current state: 1
2025-05-23 06:16:52.914: [INFO][SyncEngineBackend::DoStartConfiguration] Start configuration
2025-05-23 06:16:52.914: [INFO][SyncManagerImpl::NudgeForInitialDownload] Initial download nudge for Bookmarks
2025-05-23 06:16:52.914: [INFO][SyncManagerImpl::NudgeForInitialDownload] Initial download nudge for Preferences
2025-05-23 06:16:52.914: [INFO][SyncManagerImpl::NudgeForInitialDownload] Initial download nudge for Extensions
2025-05-23 06:16:52.914: [INFO][SyncManagerImpl::NudgeForInitialDownload] Initial download nudge for Sessions
2025-05-23 06:16:52.914: [INFO][SyncManagerImpl::NudgeForInitialDownload] Initial download nudge for Extension settings
2025-05-23 06:16:52.914: [INFO][SyncManagerImpl::NudgeForInitialDownload] Initial download nudge for History Delete Directives
2025-05-23 06:16:52.914: [INFO][SyncManagerImpl::NudgeForInitialDownload] Initial download nudge for Device Info
2025-05-23 06:16:52.914: [INFO][SyncManagerImpl::NudgeForInitialDownload] Initial download nudge for Send Tab To Self
2025-05-23 06:16:52.914: [INFO][SyncManagerImpl::NudgeForInitialDownload] Initial download nudge for Web Apps
2025-05-23 06:16:52.914: [INFO][SyncManagerImpl::NudgeForInitialDownload] Initial download nudge for History
2025-05-23 06:16:52.914: [INFO][SyncManagerImpl::NudgeForInitialDownload] Initial download nudge for Saved Tab Group
2025-05-23 06:16:52.914: [INFO][SyncManagerImpl::NudgeForInitialDownload] Initial download nudge for Collection
2025-05-23 06:16:52.914: [INFO][SyncManagerImpl::NudgeForInitialDownload] Initial download nudge for Edge E Drop
2025-05-23 06:16:52.914: [INFO][SyncManagerImpl::NudgeForInitialDownload] Initial download nudge for Edge Hub App Usage
2025-05-23 06:16:52.914: [INFO][SyncManagerImpl::NudgeForInitialDownload] Initial download nudge for Edge Tab Group
2025-05-23 06:16:52.914: [INFO][SyncManagerImpl::NudgeForInitialDownload] Initial download nudge for Edge Wallet
2025-05-23 06:16:52.914: [INFO][SyncManagerImpl::ConfigureSyncer] Types to download:  with reason: 3
2025-05-23 06:16:52.914: [INFO][SyncEngineBackend::DoFinishConfigureDataTypes] Failed to download types:  and succeeded types: 
2025-05-23 06:16:52.915: [INFO][Sync] ConfigurationDone, failed: , succeeded: , remaining count: 4
2025-05-23 06:16:52.915: [WARN][Sync]     Reconfigure requested while configuration ongoing.
2025-05-23 06:16:52.915: [INFO][Sync] Configuring for: Bookmarks, Preferences, Passwords, Autofill Profiles, Autofill, Extensions, Sessions, Extension settings, History Delete Directives, Device Info, User Consents, Send Tab To Self, Web Apps, History, Saved Tab Group, Collection, Edge E Drop, Edge Hub App Usage, Edge Tab Group, Edge Wallet, Encryption Keys, reason: 5, current state: 2
2025-05-23 06:16:52.915: [INFO][Sync] Configure, desired: Bookmarks, Preferences, Passwords, Autofill Profiles, Autofill, Extensions, Sessions, Extension settings, History Delete Directives, Device Info, User Consents, Send Tab To Self, Web Apps, History, Saved Tab Group, Collection, Edge E Drop, Edge Hub App Usage, Edge Tab Group, Edge Wallet, Encryption Keys; Allow fail: 
2025-05-23 06:16:52.915: [INFO][Sync] Loading: Passwords
2025-05-23 06:16:52.915: [INFO][Sync] Loading: Autofill Profiles
2025-05-23 06:16:52.915: [INFO][Sync] Loading: Autofill
2025-05-23 06:16:52.915: [INFO][Sync] All data types are ready for configure.
2025-05-23 06:16:52.915: [INFO][SyncManagerImpl::NudgeForInitialDownload] Initial download nudge for Passwords
2025-05-23 06:16:52.915: [INFO][SyncManagerImpl::NudgeForInitialDownload] Initial download nudge for Autofill Profiles
2025-05-23 06:16:52.916: [INFO][SyncManagerImpl::NudgeForInitialDownload] Initial download nudge for Autofill
2025-05-23 06:16:52.916: [INFO][SyncManagerImpl::ConfigureSyncer] Types to download:  with reason: 5
2025-05-23 06:16:52.916: [INFO][SyncEngineBackend::DoFinishConfigureDataTypes] Failed to download types:  and succeeded types: 
2025-05-23 06:16:52.916: [INFO][Sync] ConfigurationDone, failed: , succeeded: , remaining count: 4
2025-05-23 06:16:52.916: [INFO][Sync] Prepare to configure types: Preferences, Passwords, Device Info, Send Tab To Self, Edge E Drop, Encryption Keys
2025-05-23 06:16:52.916: [INFO][SyncManagerImpl::ConfigureSyncer] Types to download: Preferences, Passwords, Device Info, Send Tab To Self, Edge E Drop, Encryption Keys with reason: 5
2025-05-23 06:16:52.916: [INFO][SyncSchedulerImpl::DoConfigurationSyncCycleJob] Blocked types:  and types to download: Preferences, Passwords, Device Info, Send Tab To Self, Edge E Drop, Encryption Keys
2025-05-23 06:16:54.026: [INFO][SyncEngineBackend::DoFinishConfigureDataTypes] Failed to download types:  and succeeded types: Preferences, Passwords, Device Info, Send Tab To Self, Edge E Drop, Encryption Keys
2025-05-23 06:16:54.028: [INFO][Sync] ConfigurationDone, failed: , succeeded: Preferences, Passwords, Device Info, Send Tab To Self, Edge E Drop, Encryption Keys, remaining count: 3
2025-05-23 06:16:54.028: [INFO][Sync] Prepare to configure types: Bookmarks, Encryption Keys
2025-05-23 06:16:54.028: [INFO][SyncManagerImpl::ConfigureSyncer] Types to download: Bookmarks, Encryption Keys with reason: 5
2025-05-23 06:16:54.028: [INFO][SyncSchedulerImpl::DoConfigurationSyncCycleJob] Blocked types:  and types to download: Bookmarks, Encryption Keys
2025-05-23 06:16:54.353: [INFO][SyncEngineBackend::DoFinishConfigureDataTypes] Failed to download types:  and succeeded types: Bookmarks, Encryption Keys
2025-05-23 06:16:54.375: [INFO][Sync] ConfigurationDone, failed: , succeeded: Bookmarks, Encryption Keys, remaining count: 2
2025-05-23 06:16:54.376: [INFO][Sync] Prepare to configure types: Autofill Profiles, Autofill, Extensions, Sessions, Extension settings, History Delete Directives, Web Apps, Saved Tab Group, Collection, Edge Hub App Usage, Edge Tab Group, Edge Wallet, Encryption Keys
2025-05-23 06:16:54.376: [INFO][SyncManagerImpl::ConfigureSyncer] Types to download: Autofill Profiles, Autofill, Extensions, Sessions, Extension settings, History Delete Directives, Web Apps, Saved Tab Group, Collection, Edge Hub App Usage, Edge Tab Group, Edge Wallet, Encryption Keys with reason: 5
2025-05-23 06:16:54.376: [INFO][SyncSchedulerImpl::DoConfigurationSyncCycleJob] Blocked types:  and types to download: Autofill Profiles, Autofill, Extensions, Sessions, Extension settings, History Delete Directives, Web Apps, Saved Tab Group, Collection, Edge Hub App Usage, Edge Tab Group, Edge Wallet, Encryption Keys
2025-05-23 06:17:06.140: [INFO][SyncEngineBackend::DoFinishConfigureDataTypes] Failed to download types:  and succeeded types: Autofill Profiles, Autofill, Extensions, Sessions, Extension settings, History Delete Directives, Web Apps, Saved Tab Group, Collection, Edge Hub App Usage, Edge Tab Group, Edge Wallet, Encryption Keys
2025-05-23 06:17:06.142: [INFO][Sync] ConfigurationDone, failed: , succeeded: Autofill Profiles, Autofill, Extensions, Sessions, Extension settings, History Delete Directives, Web Apps, Saved Tab Group, Collection, Edge Hub App Usage, Edge Tab Group, Edge Wallet, Encryption Keys, remaining count: 1
2025-05-23 06:17:06.145: [INFO][Sync] Prepare to configure types: History, Encryption Keys
2025-05-23 06:17:06.145: [INFO][SyncManagerImpl::ConfigureSyncer] Types to download: History, Encryption Keys with reason: 5
2025-05-23 06:17:06.145: [INFO][SyncSchedulerImpl::DoConfigurationSyncCycleJob] Blocked types:  and types to download: History, Encryption Keys
2025-05-23 06:17:39.903: [INFO][SyncEngineBackend::DoFinishConfigureDataTypes] Failed to download types:  and succeeded types: History, Encryption Keys
2025-05-23 06:17:39.943: [INFO][Sync] ConfigurationDone, failed: , succeeded: History, Encryption Keys, remaining count: 0
2025-05-23 06:17:39.983: [INFO][Sync]     Configuration completed, state: 7
2025-05-23 06:17:39.984: [INFO][Sync] Configured DataTypeManager: Ok
2025-05-23 06:17:40.022: [INFO][SyncEngineBackend::DoStartSyncing] Start syncing
2025-05-23 06:34:24.134: [INFO][Sync] SyncState after authenticated was: FeatureCanStart
2025-05-23 06:34:24.996: [INFO][Sync] Try to start sync engine
2025-05-23 06:34:25.000: [INFO][SyncManagerImpl::NudgeForInitialDownload] Initial download nudge for Encryption Keys
2025-05-23 06:34:25.000: [INFO][SyncEngineBackend::LoadAndConnectNigoriController] Load and connect Nigori controller
2025-05-23 06:34:25.000: [INFO][SyncEngineBackend::DoInitialize] Control Types added: Encryption Keys
2025-05-23 06:34:25.000: [INFO][SyncManagerImpl::ConfigureSyncer] Types to download: Encryption Keys with reason: 3
2025-05-23 06:34:25.000: [INFO][SyncSchedulerImpl::DoConfigurationSyncCycleJob] Configure job was blocked
2025-05-23 06:34:25.086: [INFO][SyncAuthManager::SetLastAuthError] Current auth error: None
2025-05-23 06:34:25.086: [INFO][SyncAuthManager::EdgeLogTokenErrorState] Token error with: None for account type: MSA
2025-05-23 06:34:25.087: [INFO][Sync] Credentials changed for: EdgeSyncScopeNew
2025-05-23 06:34:27.267: [INFO][SyncAuthManager::SetLastAuthError] Current auth error: None
2025-05-23 06:34:27.267: [INFO][SyncAuthManager::EdgeLogTokenErrorState] Token error with: None for account type: MSA
2025-05-23 06:34:27.267: [INFO][Sync] Credentials changed for: EdgeSyncKeyDataScope
2025-05-23 06:34:27.267: [INFO][SyncEngineBackend::DoUpdateKeyDataCredentials] Update key data credentials
2025-05-23 06:34:27.267: [INFO][SyncEngineBackend::DoUpdateCredentials] Update credentials
2025-05-23 06:34:27.267: [INFO][SyncSchedulerImpl::DoConfigurationSyncCycleJob] Blocked types:  and types to download: Encryption Keys
2025-05-23 06:34:27.881: [INFO][Sync] Started DataTypeManager configuration, reason: 4
2025-05-23 06:34:27.881: [INFO][Sync] Configuring for: Bookmarks, Preferences, Passwords, Autofill Profiles, Autofill, Extensions, Sessions, Extension settings, History Delete Directives, Device Info, User Consents, Send Tab To Self, Web Apps, History, Saved Tab Group, Collection, Edge E Drop, Edge Hub App Usage, Edge Tab Group, Edge Wallet, Encryption Keys, reason: 4, current state: 0
2025-05-23 06:34:27.881: [WARN][Sync] Crypto error data types: Passwords, Autofill Profiles, Autofill
2025-05-23 06:34:27.906: [INFO][Sync] Configure, desired: Bookmarks, Preferences, Extensions, Sessions, Extension settings, History Delete Directives, Device Info, User Consents, Send Tab To Self, Web Apps, History, Saved Tab Group, Collection, Edge E Drop, Edge Hub App Usage, Edge Tab Group, Edge Wallet, Encryption Keys; Allow fail: Passwords, Autofill Profiles, Autofill
2025-05-23 06:34:27.906: [INFO][Sync] Loading: Bookmarks
2025-05-23 06:34:27.906: [INFO][Sync] Loading: Preferences
2025-05-23 06:34:27.906: [INFO][Sync] Loading: Extensions
2025-05-23 06:34:27.906: [INFO][Sync] Loading: Sessions
2025-05-23 06:34:27.906: [INFO][Sync] Loading: Extension settings
2025-05-23 06:34:27.906: [INFO][Sync] Loading: History Delete Directives
2025-05-23 06:34:27.907: [INFO][Sync] Loading: Device Info
2025-05-23 06:34:27.907: [INFO][Sync] Loading: User Consents
2025-05-23 06:34:27.907: [INFO][Sync] Loading: Send Tab To Self
2025-05-23 06:34:27.907: [INFO][Sync] Loading: Web Apps
2025-05-23 06:34:27.907: [INFO][Sync] Loading: History
2025-05-23 06:34:27.907: [INFO][Sync] Loading: Saved Tab Group
2025-05-23 06:34:27.907: [INFO][Sync] Loading: Collection
2025-05-23 06:34:27.907: [INFO][Sync] Loading: Edge E Drop
2025-05-23 06:34:27.907: [INFO][Sync] Loading: Edge Hub App Usage
2025-05-23 06:34:27.907: [INFO][Sync] Loading: Edge Tab Group
2025-05-23 06:34:27.907: [INFO][Sync] Loading: Edge Wallet
2025-05-23 06:34:27.939: [INFO][Sync] All data types are ready for configure.
2025-05-23 06:34:31.616: [INFO][SyncEngineBackend::DoStartConfiguration] Start configuration
2025-05-23 06:34:31.616: [INFO][SyncManagerImpl::NudgeForInitialDownload] Initial download nudge for Bookmarks
2025-05-23 06:34:31.617: [INFO][SyncManagerImpl::ConfigureSyncer] Types to download:  with reason: 4
2025-05-23 06:34:31.617: [INFO][SyncEngineBackend::DoFinishConfigureDataTypes] Failed to download types:  and succeeded types: 
2025-05-23 06:34:31.621: [INFO][Sync] Started DataTypeManager configuration, reason: 5
2025-05-23 06:34:31.621: [INFO][Sync] Configuring for: Bookmarks, Preferences, Passwords, Autofill Profiles, Autofill, Extensions, Sessions, Extension settings, History Delete Directives, Device Info, User Consents, Send Tab To Self, Web Apps, History, Saved Tab Group, Collection, Edge E Drop, Edge Hub App Usage, Edge Tab Group, Edge Wallet, Encryption Keys, reason: 5, current state: 1
2025-05-23 06:34:31.653: [INFO][Sync] ConfigurationDone, failed: , succeeded: , remaining count: 4
2025-05-23 06:34:31.653: [WARN][Sync]     Reconfigure requested while configuration ongoing.
2025-05-23 06:34:31.653: [INFO][Sync] Configuring for: Bookmarks, Preferences, Passwords, Autofill Profiles, Autofill, Extensions, Sessions, Extension settings, History Delete Directives, Device Info, User Consents, Send Tab To Self, Web Apps, History, Saved Tab Group, Collection, Edge E Drop, Edge Hub App Usage, Edge Tab Group, Edge Wallet, Encryption Keys, reason: 5, current state: 2
2025-05-23 06:34:31.653: [INFO][Sync] Configure, desired: Bookmarks, Preferences, Passwords, Autofill Profiles, Autofill, Extensions, Sessions, Extension settings, History Delete Directives, Device Info, User Consents, Send Tab To Self, Web Apps, History, Saved Tab Group, Collection, Edge E Drop, Edge Hub App Usage, Edge Tab Group, Edge Wallet, Encryption Keys; Allow fail: 
2025-05-23 06:34:31.653: [INFO][Sync] Loading: Passwords
2025-05-23 06:34:31.653: [INFO][Sync] Loading: Autofill Profiles
2025-05-23 06:34:31.653: [INFO][Sync] Loading: Autofill
2025-05-23 06:34:31.654: [INFO][Sync] All data types are ready for configure.
2025-05-23 06:34:31.654: [INFO][SyncManagerImpl::NudgeForInitialDownload] Initial download nudge for Passwords
2025-05-23 06:34:31.654: [INFO][SyncManagerImpl::ConfigureSyncer] Types to download:  with reason: 5
2025-05-23 06:34:31.654: [INFO][SyncEngineBackend::DoFinishConfigureDataTypes] Failed to download types:  and succeeded types: 
2025-05-23 06:34:31.664: [INFO][Sync] ConfigurationDone, failed: , succeeded: , remaining count: 4
2025-05-23 06:34:31.664: [INFO][Sync] Prepare to configure types: Passwords, Encryption Keys
2025-05-23 06:34:31.665: [INFO][SyncManagerImpl::ConfigureSyncer] Types to download: Passwords, Encryption Keys with reason: 5
2025-05-23 06:34:31.665: [INFO][SyncSchedulerImpl::DoConfigurationSyncCycleJob] Blocked types:  and types to download: Passwords, Encryption Keys
2025-05-23 06:34:32.382: [INFO][SyncEngineBackend::DoFinishConfigureDataTypes] Failed to download types:  and succeeded types: Passwords, Encryption Keys
2025-05-23 06:34:32.400: [INFO][Sync] ConfigurationDone, failed: , succeeded: Passwords, Encryption Keys, remaining count: 3
2025-05-23 06:34:32.400: [INFO][Sync] Prepare to configure types: Bookmarks, Encryption Keys
2025-05-23 06:34:32.400: [INFO][SyncManagerImpl::ConfigureSyncer] Types to download: Bookmarks, Encryption Keys with reason: 5
2025-05-23 06:34:32.400: [INFO][SyncSchedulerImpl::DoConfigurationSyncCycleJob] Blocked types:  and types to download: Bookmarks, Encryption Keys
2025-05-23 06:34:32.746: [INFO][SyncEngineBackend::DoFinishConfigureDataTypes] Failed to download types:  and succeeded types: Bookmarks, Encryption Keys
2025-05-23 06:34:32.768: [INFO][Sync] ConfigurationDone, failed: , succeeded: Bookmarks, Encryption Keys, remaining count: 2
2025-05-23 06:34:32.769: [INFO][SyncManagerImpl::ConfigureSyncer] Types to download:  with reason: 5
2025-05-23 06:34:32.769: [INFO][SyncEngineBackend::DoFinishConfigureDataTypes] Failed to download types:  and succeeded types: 
2025-05-23 06:34:32.777: [INFO][Sync] ConfigurationDone, failed: , succeeded: , remaining count: 1
2025-05-23 06:34:32.805: [INFO][SyncManagerImpl::ConfigureSyncer] Types to download:  with reason: 5
2025-05-23 06:34:32.805: [INFO][SyncEngineBackend::DoFinishConfigureDataTypes] Failed to download types:  and succeeded types: 
2025-05-23 06:34:32.809: [INFO][Sync] ConfigurationDone, failed: , succeeded: , remaining count: 0
2025-05-23 06:34:32.837: [INFO][Sync]     Configuration completed, state: 7
2025-05-23 06:34:32.837: [INFO][Sync] Configured DataTypeManager: Ok
2025-05-23 06:34:32.854: [INFO][SyncEngineBackend::DoStartSyncing] Start syncing
2025-05-23 06:39:45.193: [INFO][Sync] Reset engine, reason: 0
2025-05-23 06:39:45.193: [INFO][Sync] Reset engine with reason: 0
2025-05-23 06:53:18.432: [INFO][Sync] SyncState after authenticated was: FeatureCanStart
2025-05-23 06:53:19.342: [INFO][Sync] Try to start sync engine
2025-05-23 06:53:19.348: [INFO][SyncManagerImpl::NudgeForInitialDownload] Initial download nudge for Encryption Keys
2025-05-23 06:53:19.348: [INFO][SyncEngineBackend::LoadAndConnectNigoriController] Load and connect Nigori controller
2025-05-23 06:53:19.348: [INFO][SyncEngineBackend::DoInitialize] Control Types added: Encryption Keys
2025-05-23 06:53:19.348: [INFO][SyncManagerImpl::ConfigureSyncer] Types to download: Encryption Keys with reason: 3
2025-05-23 06:53:19.348: [INFO][SyncSchedulerImpl::DoConfigurationSyncCycleJob] Configure job was blocked
2025-05-23 06:53:19.432: [INFO][SyncAuthManager::SetLastAuthError] Current auth error: None
2025-05-23 06:53:19.432: [INFO][SyncAuthManager::EdgeLogTokenErrorState] Token error with: None for account type: MSA
2025-05-23 06:53:19.432: [INFO][Sync] Credentials changed for: EdgeSyncScopeNew
2025-05-23 06:53:20.730: [INFO][SyncAuthManager::SetLastAuthError] Current auth error: None
2025-05-23 06:53:20.730: [INFO][SyncAuthManager::EdgeLogTokenErrorState] Token error with: None for account type: MSA
2025-05-23 06:53:20.731: [INFO][Sync] Credentials changed for: EdgeSyncKeyDataScope
2025-05-23 06:53:20.731: [INFO][SyncEngineBackend::DoUpdateKeyDataCredentials] Update key data credentials
2025-05-23 06:53:20.731: [INFO][SyncEngineBackend::DoUpdateCredentials] Update credentials
2025-05-23 06:53:20.731: [INFO][SyncSchedulerImpl::DoConfigurationSyncCycleJob] Blocked types:  and types to download: Encryption Keys
2025-05-23 06:53:21.349: [INFO][Sync] Started DataTypeManager configuration, reason: 4
2025-05-23 06:53:21.349: [INFO][Sync] Configuring for: Bookmarks, Preferences, Passwords, Autofill Profiles, Autofill, Extensions, Sessions, Extension settings, History Delete Directives, Device Info, User Consents, Send Tab To Self, Web Apps, History, Saved Tab Group, Collection, Edge E Drop, Edge Hub App Usage, Edge Tab Group, Edge Wallet, Encryption Keys, reason: 4, current state: 0
2025-05-23 06:53:21.349: [WARN][Sync] Crypto error data types: Passwords, Autofill Profiles, Autofill
2025-05-23 06:53:21.364: [INFO][Sync] Configure, desired: Bookmarks, Preferences, Extensions, Sessions, Extension settings, History Delete Directives, Device Info, User Consents, Send Tab To Self, Web Apps, History, Saved Tab Group, Collection, Edge E Drop, Edge Hub App Usage, Edge Tab Group, Edge Wallet, Encryption Keys; Allow fail: Passwords, Autofill Profiles, Autofill
2025-05-23 06:53:21.364: [INFO][Sync] Loading: Bookmarks
2025-05-23 06:53:21.364: [INFO][Sync] Loading: Preferences
2025-05-23 06:53:21.364: [INFO][Sync] Loading: Extensions
2025-05-23 06:53:21.364: [INFO][Sync] Loading: Sessions
2025-05-23 06:53:21.364: [INFO][Sync] Loading: Extension settings
2025-05-23 06:53:21.364: [INFO][Sync] Loading: History Delete Directives
2025-05-23 06:53:21.365: [INFO][Sync] Loading: Device Info
2025-05-23 06:53:21.365: [INFO][Sync] Loading: User Consents
2025-05-23 06:53:21.365: [INFO][Sync] Loading: Send Tab To Self
2025-05-23 06:53:21.365: [INFO][Sync] Loading: Web Apps
2025-05-23 06:53:21.365: [INFO][Sync] Loading: History
2025-05-23 06:53:21.365: [INFO][Sync] Loading: Saved Tab Group
2025-05-23 06:53:21.365: [INFO][Sync] Loading: Collection
2025-05-23 06:53:21.365: [INFO][Sync] Loading: Edge E Drop
2025-05-23 06:53:21.365: [INFO][Sync] Loading: Edge Hub App Usage
2025-05-23 06:53:21.365: [INFO][Sync] Loading: Edge Tab Group
2025-05-23 06:53:21.365: [INFO][Sync] Loading: Edge Wallet
2025-05-23 06:53:21.390: [INFO][Sync] All data types are ready for configure.
2025-05-23 06:53:22.481: [INFO][SyncEngineBackend::DoStartConfiguration] Start configuration
2025-05-23 06:53:22.481: [INFO][SyncManagerImpl::ConfigureSyncer] Types to download:  with reason: 4
2025-05-23 06:53:22.481: [INFO][SyncEngineBackend::DoFinishConfigureDataTypes] Failed to download types:  and succeeded types: 
2025-05-23 06:53:22.492: [INFO][Sync] Started DataTypeManager configuration, reason: 5
2025-05-23 06:53:22.493: [INFO][Sync] Configuring for: Bookmarks, Preferences, Passwords, Autofill Profiles, Autofill, Extensions, Sessions, Extension settings, History Delete Directives, Device Info, User Consents, Send Tab To Self, Web Apps, History, Saved Tab Group, Collection, Edge E Drop, Edge Hub App Usage, Edge Tab Group, Edge Wallet, Encryption Keys, reason: 5, current state: 1
2025-05-23 06:53:22.562: [INFO][Sync] ConfigurationDone, failed: , succeeded: , remaining count: 4
2025-05-23 06:53:22.562: [WARN][Sync]     Reconfigure requested while configuration ongoing.
2025-05-23 06:53:22.562: [INFO][Sync] Configuring for: Bookmarks, Preferences, Passwords, Autofill Profiles, Autofill, Extensions, Sessions, Extension settings, History Delete Directives, Device Info, User Consents, Send Tab To Self, Web Apps, History, Saved Tab Group, Collection, Edge E Drop, Edge Hub App Usage, Edge Tab Group, Edge Wallet, Encryption Keys, reason: 5, current state: 2
2025-05-23 06:53:22.562: [INFO][Sync] Configure, desired: Bookmarks, Preferences, Passwords, Autofill Profiles, Autofill, Extensions, Sessions, Extension settings, History Delete Directives, Device Info, User Consents, Send Tab To Self, Web Apps, History, Saved Tab Group, Collection, Edge E Drop, Edge Hub App Usage, Edge Tab Group, Edge Wallet, Encryption Keys; Allow fail: 
2025-05-23 06:53:22.562: [INFO][Sync] Loading: Passwords
2025-05-23 06:53:22.562: [INFO][Sync] Loading: Autofill Profiles
2025-05-23 06:53:22.562: [INFO][Sync] Loading: Autofill
2025-05-23 06:53:22.563: [INFO][Sync] All data types are ready for configure.
2025-05-23 06:53:22.563: [INFO][SyncManagerImpl::NudgeForInitialDownload] Initial download nudge for Passwords
2025-05-23 06:53:22.563: [INFO][SyncManagerImpl::ConfigureSyncer] Types to download:  with reason: 5
2025-05-23 06:53:22.563: [INFO][SyncEngineBackend::DoFinishConfigureDataTypes] Failed to download types:  and succeeded types: 
2025-05-23 06:53:22.570: [INFO][Sync] ConfigurationDone, failed: , succeeded: , remaining count: 4
2025-05-23 06:53:22.570: [INFO][Sync] Prepare to configure types: Passwords, Encryption Keys
2025-05-23 06:53:22.570: [INFO][SyncManagerImpl::ConfigureSyncer] Types to download: Passwords, Encryption Keys with reason: 5
2025-05-23 06:53:22.570: [INFO][SyncSchedulerImpl::DoConfigurationSyncCycleJob] Blocked types:  and types to download: Passwords, Encryption Keys
2025-05-23 06:53:23.216: [INFO][SyncEngineBackend::DoFinishConfigureDataTypes] Failed to download types:  and succeeded types: Passwords, Encryption Keys
2025-05-23 06:53:23.228: [INFO][Sync] ConfigurationDone, failed: , succeeded: Passwords, Encryption Keys, remaining count: 3
2025-05-23 06:53:23.229: [INFO][SyncManagerImpl::ConfigureSyncer] Types to download:  with reason: 5
2025-05-23 06:53:23.229: [INFO][SyncEngineBackend::DoFinishConfigureDataTypes] Failed to download types:  and succeeded types: 
2025-05-23 06:53:23.229: [INFO][Sync] ConfigurationDone, failed: , succeeded: , remaining count: 2
2025-05-23 06:53:23.229: [INFO][SyncManagerImpl::ConfigureSyncer] Types to download:  with reason: 5
2025-05-23 06:53:23.229: [INFO][SyncEngineBackend::DoFinishConfigureDataTypes] Failed to download types:  and succeeded types: 
2025-05-23 06:53:23.233: [INFO][Sync] ConfigurationDone, failed: , succeeded: , remaining count: 1
2025-05-23 06:53:23.250: [INFO][SyncManagerImpl::ConfigureSyncer] Types to download:  with reason: 5
2025-05-23 06:53:23.250: [INFO][SyncEngineBackend::DoFinishConfigureDataTypes] Failed to download types:  and succeeded types: 
2025-05-23 06:53:23.251: [INFO][Sync] ConfigurationDone, failed: , succeeded: , remaining count: 0
2025-05-23 06:53:23.271: [INFO][Sync]     Configuration completed, state: 7
2025-05-23 06:53:23.272: [INFO][Sync] Configured DataTypeManager: Ok
2025-05-23 06:53:23.285: [INFO][SyncEngineBackend::DoStartSyncing] Start syncing
